The system is: Linux - 4.4.0-135-generic - x86_64
Compiling the C compiler identification source file "CMakeCCompilerId.c" succeeded.
Compiler: /home/kinetik/anaconda3/bin/cc 
Build flags: 
Id flags: 

The output was:
0


Compilation of the C compiler identification source "CMakeCCompilerId.c" produced "a.out"

The C compiler identification is GNU, found in "/home/kinetik/Downloads/fastText/CMakeFiles/3.5.1/CompilerIdC/a.out"

Compiling the CXX compiler identification source file "CMakeCXXCompilerId.cpp" succeeded.
Compiler: /home/kinetik/anaconda3/bin/c++ 
Build flags: 
Id flags: 

The output was:
0


Compilation of the CXX compiler identification source "CMakeCXXCompilerId.cpp" produced "a.out"

The CXX compiler identification is GNU, found in "/home/kinetik/Downloads/fastText/CMakeFiles/3.5.1/CompilerIdCXX/a.out"

Determining if the C compiler works passed with the following output:
Change Dir: /home/kinetik/Downloads/fastText/CMakeFiles/CMakeTmp

Run Build Command:"/usr/bin/make" "cmTC_042f0/fast"
/usr/bin/make -f CMakeFiles/cmTC_042f0.dir/build.make CMakeFiles/cmTC_042f0.dir/build
make[1]: Entering directory '/home/kinetik/Downloads/fastText/CMakeFiles/CMakeTmp'
Building C object CMakeFiles/cmTC_042f0.dir/testCCompiler.c.o
/home/kinetik/anaconda3/bin/cc     -o CMakeFiles/cmTC_042f0.dir/testCCompiler.c.o   -c /home/kinetik/Downloads/fastText/CMakeFiles/CMakeTmp/testCCompiler.c
Linking C executable cmTC_042f0
/usr/bin/cmake -E cmake_link_script CMakeFiles/cmTC_042f0.dir/link.txt --verbose=1
/home/kinetik/anaconda3/bin/cc       CMakeFiles/cmTC_042f0.dir/testCCompiler.c.o  -o cmTC_042f0 -rdynamic 
make[1]: Leaving directory '/home/kinetik/Downloads/fastText/CMakeFiles/CMakeTmp'


Detecting C compiler ABI info compiled with the following output:
Change Dir: /home/kinetik/Downloads/fastText/CMakeFiles/CMakeTmp

Run Build Command:"/usr/bin/make" "cmTC_2267c/fast"
/usr/bin/make -f CMakeFiles/cmTC_2267c.dir/build.make CMakeFiles/cmTC_2267c.dir/build
make[1]: Entering directory '/home/kinetik/Downloads/fastText/CMakeFiles/CMakeTmp'
Building C object CMakeFiles/cmTC_2267c.dir/CMakeCCompilerABI.c.o
/home/kinetik/anaconda3/bin/cc     -o CMakeFiles/cmTC_2267c.dir/CMakeCCompilerABI.c.o   -c /usr/share/cmake-3.5/Modules/CMakeCCompilerABI.c
Linking C executable cmTC_2267c
/usr/bin/cmake -E cmake_link_script CMakeFiles/cmTC_2267c.dir/link.txt --verbose=1
/home/kinetik/anaconda3/bin/cc      -v CMakeFiles/cmTC_2267c.dir/CMakeCCompilerABI.c.o  -o cmTC_2267c -rdynamic  
Reading specs from /home/kinetik/anaconda3/bin/../lib/gcc/x86_64-unknown-linux-gnu/4.8.5/specs
COLLECT_GCC=/home/kinetik/anaconda3/bin/cc
COLLECT_LTO_WRAPPER=/home/kinetik/anaconda3/bin/../libexec/gcc/x86_64-unknown-linux-gnu/4.8.5/lto-wrapper
Target: x86_64-unknown-linux-gnu
Configured with: ./configure --prefix=/home/ray/mc-x64-2.7/conda-bld/gcc_1479223211463/_b_env_placehold_placehold_placehold_placehold_placehold_placehold_placehold_placehold_placehold_placehold_placehold_placehold_placehold_placehold_placehold_placehold_placehold_placehold_placehold_placehold --with-gxx-include-dir=/home/ray/mc-x64-2.7/conda-bld/gcc_1479223211463/_b_env_placehold_placehold_placehold_placehold_placehold_placehold_placehold_placehold_placehold_placehold_placehold_placehold_placehold_placehold_placehold_placehold_placehold_placehold_placehold_placehold/gcc/include/c++ --bindir=/home/ray/mc-x64-2.7/conda-bld/gcc_1479223211463/_b_env_placehold_placehold_placehold_placehold_placehold_placehold_placehold_placehold_placehold_placehold_placehold_placehold_placehold_placehold_placehold_placehold_placehold_placehold_placehold_placehold/bin --datarootdir=/home/ray/mc-x64-2.7/conda-bld/gcc_1479223211463/_b_env_placehold_placehold_placehold_placehold_placehold_placehold_placehold_placehold_placehold_placehold_placehold_placehold_placehold_placehold_placehold_placehold_placehold_placehold_placehold_placehold/share --libdir=/home/ray/mc-x64-2.7/conda-bld/gcc_1479223211463/_b_env_placehold_placehold_placehold_placehold_placehold_placehold_placehold_placehold_placehold_placehold_placehold_placehold_placehold_placehold_placehold_placehold_placehold_placehold_placehold_placehold/lib --with-gmp=/home/ray/mc-x64-2.7/conda-bld/gcc_1479223211463/_b_env_placehold_placehold_placehold_placehold_placehold_placehold_placehold_placehold_placehold_placehold_placehold_placehold_placehold_placehold_placehold_placehold_placehold_placehold_placehold_placehold --with-mpfr=/home/ray/mc-x64-2.7/conda-bld/gcc_1479223211463/_b_env_placehold_placehold_placehold_placehold_placehold_placehold_placehold_placehold_placehold_placehold_placehold_placehold_placehold_placehold_placehold_placehold_placehold_placehold_placehold_placehold --with-mpc=/home/ray/mc-x64-2.7/conda-bld/gcc_1479223211463/_b_env_placehold_placehold_placehold_placehold_placehold_placehold_placehold_placehold_placehold_placehold_placehold_placehold_placehold_placehold_placehold_placehold_placehold_placehold_placehold_placehold --with-isl=/home/ray/mc-x64-2.7/conda-bld/gcc_1479223211463/_b_env_placehold_placehold_placehold_placehold_placehold_placehold_placehold_placehold_placehold_placehold_placehold_placehold_placehold_placehold_placehold_placehold_placehold_placehold_placehold_placehold --with-cloog=/home/ray/mc-x64-2.7/conda-bld/gcc_1479223211463/_b_env_placehold_placehold_placehold_placehold_placehold_placehold_placehold_placehold_placehold_placehold_placehold_placehold_placehold_placehold_placehold_placehold_placehold_placehold_placehold_placehold --enable-checking=release --with-tune=generic --disable-multilib
Thread model: posix
gcc version 4.8.5 (GCC) 
COMPILER_PATH=/home/kinetik/anaconda3/bin/../libexec/gcc/x86_64-unknown-linux-gnu/4.8.5/:/home/kinetik/anaconda3/bin/../libexec/gcc/
LIBRARY_PATH=/home/kinetik/anaconda3/bin/../lib/gcc/x86_64-unknown-linux-gnu/4.8.5/:/home/kinetik/anaconda3/bin/../lib/gcc/:/home/kinetik/anaconda3/bin/../lib/gcc/x86_64-unknown-linux-gnu/4.8.5/../../../../lib/:/lib/../lib/:/usr/lib/../lib/:/home/kinetik/anaconda3/bin/../lib/gcc/x86_64-unknown-linux-gnu/4.8.5/../../../:/lib/:/usr/lib/
COLLECT_GCC_OPTIONS='-v' '-o' 'cmTC_2267c' '-rdynamic' '-mtune=generic' '-march=x86-64'
 /home/kinetik/anaconda3/bin/../libexec/gcc/x86_64-unknown-linux-gnu/4.8.5/collect2 --eh-frame-hdr -m elf_x86_64 -export-dynamic -dynamic-linker /lib64/ld-linux-x86-64.so.2 -o cmTC_2267c /home/kinetik/anaconda3/bin/../lib/gcc/x86_64-unknown-linux-gnu/4.8.5/crt1.o /home/kinetik/anaconda3/bin/../lib/gcc/x86_64-unknown-linux-gnu/4.8.5/crti.o /home/kinetik/anaconda3/bin/../lib/gcc/x86_64-unknown-linux-gnu/4.8.5/crtbegin.o -L/home/kinetik/anaconda3/bin/../lib/gcc/x86_64-unknown-linux-gnu/4.8.5 -L/home/kinetik/anaconda3/bin/../lib/gcc -L/home/kinetik/anaconda3/bin/../lib/gcc/x86_64-unknown-linux-gnu/4.8.5/../../../../lib -L/lib/../lib -L/usr/lib/../lib -L/home/kinetik/anaconda3/bin/../lib/gcc/x86_64-unknown-linux-gnu/4.8.5/../../.. CMakeFiles/cmTC_2267c.dir/CMakeCCompilerABI.c.o -lgcc --as-needed -lgcc_s --no-as-needed -lc -lgcc --as-needed -lgcc_s --no-as-needed /home/kinetik/anaconda3/bin/../lib/gcc/x86_64-unknown-linux-gnu/4.8.5/crtend.o /home/kinetik/anaconda3/bin/../lib/gcc/x86_64-unknown-linux-gnu/4.8.5/crtn.o
make[1]: Leaving directory '/home/kinetik/Downloads/fastText/CMakeFiles/CMakeTmp'


Parsed C implicit link information from above output:
  link line regex: [^( *|.*[/\])(ld|([^/\]+-)?ld|collect2)[^/\]*( |$)]
  ignore line: [Change Dir: /home/kinetik/Downloads/fastText/CMakeFiles/CMakeTmp]
  ignore line: []
  ignore line: [Run Build Command:"/usr/bin/make" "cmTC_2267c/fast"]
  ignore line: [/usr/bin/make -f CMakeFiles/cmTC_2267c.dir/build.make CMakeFiles/cmTC_2267c.dir/build]
  ignore line: [make[1]: Entering directory '/home/kinetik/Downloads/fastText/CMakeFiles/CMakeTmp']
  ignore line: [Building C object CMakeFiles/cmTC_2267c.dir/CMakeCCompilerABI.c.o]
  ignore line: [/home/kinetik/anaconda3/bin/cc     -o CMakeFiles/cmTC_2267c.dir/CMakeCCompilerABI.c.o   -c /usr/share/cmake-3.5/Modules/CMakeCCompilerABI.c]
  ignore line: [Linking C executable cmTC_2267c]
  ignore line: [/usr/bin/cmake -E cmake_link_script CMakeFiles/cmTC_2267c.dir/link.txt --verbose=1]
  ignore line: [/home/kinetik/anaconda3/bin/cc      -v CMakeFiles/cmTC_2267c.dir/CMakeCCompilerABI.c.o  -o cmTC_2267c -rdynamic  ]
  ignore line: [Reading specs from /home/kinetik/anaconda3/bin/../lib/gcc/x86_64-unknown-linux-gnu/4.8.5/specs]
  ignore line: [COLLECT_GCC=/home/kinetik/anaconda3/bin/cc]
  ignore line: [COLLECT_LTO_WRAPPER=/home/kinetik/anaconda3/bin/../libexec/gcc/x86_64-unknown-linux-gnu/4.8.5/lto-wrapper]
  ignore line: [Target: x86_64-unknown-linux-gnu]
  ignore line: [Configured with: ./configure --prefix=/home/ray/mc-x64-2.7/conda-bld/gcc_1479223211463/_b_env_placehold_placehold_placehold_placehold_placehold_placehold_placehold_placehold_placehold_placehold_placehold_placehold_placehold_placehold_placehold_placehold_placehold_placehold_placehold_placehold --with-gxx-include-dir=/home/ray/mc-x64-2.7/conda-bld/gcc_1479223211463/_b_env_placehold_placehold_placehold_placehold_placehold_placehold_placehold_placehold_placehold_placehold_placehold_placehold_placehold_placehold_placehold_placehold_placehold_placehold_placehold_placehold/gcc/include/c++ --bindir=/home/ray/mc-x64-2.7/conda-bld/gcc_1479223211463/_b_env_placehold_placehold_placehold_placehold_placehold_placehold_placehold_placehold_placehold_placehold_placehold_placehold_placehold_placehold_placehold_placehold_placehold_placehold_placehold_placehold/bin --datarootdir=/home/ray/mc-x64-2.7/conda-bld/gcc_1479223211463/_b_env_placehold_placehold_placehold_placehold_placehold_placehold_placehold_placehold_placehold_placehold_placehold_placehold_placehold_placehold_placehold_placehold_placehold_placehold_placehold_placehold/share --libdir=/home/ray/mc-x64-2.7/conda-bld/gcc_1479223211463/_b_env_placehold_placehold_placehold_placehold_placehold_placehold_placehold_placehold_placehold_placehold_placehold_placehold_placehold_placehold_placehold_placehold_placehold_placehold_placehold_placehold/lib --with-gmp=/home/ray/mc-x64-2.7/conda-bld/gcc_1479223211463/_b_env_placehold_placehold_placehold_placehold_placehold_placehold_placehold_placehold_placehold_placehold_placehold_placehold_placehold_placehold_placehold_placehold_placehold_placehold_placehold_placehold --with-mpfr=/home/ray/mc-x64-2.7/conda-bld/gcc_1479223211463/_b_env_placehold_placehold_placehold_placehold_placehold_placehold_placehold_placehold_placehold_placehold_placehold_placehold_placehold_placehold_placehold_placehold_placehold_placehold_placehold_placehold --with-mpc=/home/ray/mc-x64-2.7/conda-bld/gcc_1479223211463/_b_env_placehold_placehold_placehold_placehold_placehold_placehold_placehold_placehold_placehold_placehold_placehold_placehold_placehold_placehold_placehold_placehold_placehold_placehold_placehold_placehold --with-isl=/home/ray/mc-x64-2.7/conda-bld/gcc_1479223211463/_b_env_placehold_placehold_placehold_placehold_placehold_placehold_placehold_placehold_placehold_placehold_placehold_placehold_placehold_placehold_placehold_placehold_placehold_placehold_placehold_placehold --with-cloog=/home/ray/mc-x64-2.7/conda-bld/gcc_1479223211463/_b_env_placehold_placehold_placehold_placehold_placehold_placehold_placehold_placehold_placehold_placehold_placehold_placehold_placehold_placehold_placehold_placehold_placehold_placehold_placehold_placehold --enable-checking=release --with-tune=generic --disable-multilib]
  ignore line: [Thread model: posix]
  ignore line: [gcc version 4.8.5 (GCC) ]
  ignore line: [COMPILER_PATH=/home/kinetik/anaconda3/bin/../libexec/gcc/x86_64-unknown-linux-gnu/4.8.5/:/home/kinetik/anaconda3/bin/../libexec/gcc/]
  ignore line: [LIBRARY_PATH=/home/kinetik/anaconda3/bin/../lib/gcc/x86_64-unknown-linux-gnu/4.8.5/:/home/kinetik/anaconda3/bin/../lib/gcc/:/home/kinetik/anaconda3/bin/../lib/gcc/x86_64-unknown-linux-gnu/4.8.5/../../../../lib/:/lib/../lib/:/usr/lib/../lib/:/home/kinetik/anaconda3/bin/../lib/gcc/x86_64-unknown-linux-gnu/4.8.5/../../../:/lib/:/usr/lib/]
  ignore line: [COLLECT_GCC_OPTIONS='-v' '-o' 'cmTC_2267c' '-rdynamic' '-mtune=generic' '-march=x86-64']
  link line: [ /home/kinetik/anaconda3/bin/../libexec/gcc/x86_64-unknown-linux-gnu/4.8.5/collect2 --eh-frame-hdr -m elf_x86_64 -export-dynamic -dynamic-linker /lib64/ld-linux-x86-64.so.2 -o cmTC_2267c /home/kinetik/anaconda3/bin/../lib/gcc/x86_64-unknown-linux-gnu/4.8.5/crt1.o /home/kinetik/anaconda3/bin/../lib/gcc/x86_64-unknown-linux-gnu/4.8.5/crti.o /home/kinetik/anaconda3/bin/../lib/gcc/x86_64-unknown-linux-gnu/4.8.5/crtbegin.o -L/home/kinetik/anaconda3/bin/../lib/gcc/x86_64-unknown-linux-gnu/4.8.5 -L/home/kinetik/anaconda3/bin/../lib/gcc -L/home/kinetik/anaconda3/bin/../lib/gcc/x86_64-unknown-linux-gnu/4.8.5/../../../../lib -L/lib/../lib -L/usr/lib/../lib -L/home/kinetik/anaconda3/bin/../lib/gcc/x86_64-unknown-linux-gnu/4.8.5/../../.. CMakeFiles/cmTC_2267c.dir/CMakeCCompilerABI.c.o -lgcc --as-needed -lgcc_s --no-as-needed -lc -lgcc --as-needed -lgcc_s --no-as-needed /home/kinetik/anaconda3/bin/../lib/gcc/x86_64-unknown-linux-gnu/4.8.5/crtend.o /home/kinetik/anaconda3/bin/../lib/gcc/x86_64-unknown-linux-gnu/4.8.5/crtn.o]
    arg [/home/kinetik/anaconda3/bin/../libexec/gcc/x86_64-unknown-linux-gnu/4.8.5/collect2] ==> ignore
    arg [--eh-frame-hdr] ==> ignore
    arg [-m] ==> ignore
    arg [elf_x86_64] ==> ignore
    arg [-export-dynamic] ==> ignore
    arg [-dynamic-linker] ==> ignore
    arg [/lib64/ld-linux-x86-64.so.2] ==> ignore
    arg [-o] ==> ignore
    arg [cmTC_2267c] ==> ignore
    arg [/home/kinetik/anaconda3/bin/../lib/gcc/x86_64-unknown-linux-gnu/4.8.5/crt1.o] ==> ignore
    arg [/home/kinetik/anaconda3/bin/../lib/gcc/x86_64-unknown-linux-gnu/4.8.5/crti.o] ==> ignore
    arg [/home/kinetik/anaconda3/bin/../lib/gcc/x86_64-unknown-linux-gnu/4.8.5/crtbegin.o] ==> ignore
    arg [-L/home/kinetik/anaconda3/bin/../lib/gcc/x86_64-unknown-linux-gnu/4.8.5] ==> dir [/home/kinetik/anaconda3/bin/../lib/gcc/x86_64-unknown-linux-gnu/4.8.5]
    arg [-L/home/kinetik/anaconda3/bin/../lib/gcc] ==> dir [/home/kinetik/anaconda3/bin/../lib/gcc]
    arg [-L/home/kinetik/anaconda3/bin/../lib/gcc/x86_64-unknown-linux-gnu/4.8.5/../../../../lib] ==> dir [/home/kinetik/anaconda3/bin/../lib/gcc/x86_64-unknown-linux-gnu/4.8.5/../../../../lib]
    arg [-L/lib/../lib] ==> dir [/lib/../lib]
    arg [-L/usr/lib/../lib] ==> dir [/usr/lib/../lib]
    arg [-L/home/kinetik/anaconda3/bin/../lib/gcc/x86_64-unknown-linux-gnu/4.8.5/../../..] ==> dir [/home/kinetik/anaconda3/bin/../lib/gcc/x86_64-unknown-linux-gnu/4.8.5/../../..]
    arg [CMakeFiles/cmTC_2267c.dir/CMakeCCompilerABI.c.o] ==> ignore
    arg [-lgcc] ==> lib [gcc]
    arg [--as-needed] ==> ignore
    arg [-lgcc_s] ==> lib [gcc_s]
    arg [--no-as-needed] ==> ignore
    arg [-lc] ==> lib [c]
    arg [-lgcc] ==> lib [gcc]
    arg [--as-needed] ==> ignore
    arg [-lgcc_s] ==> lib [gcc_s]
    arg [--no-as-needed] ==> ignore
    arg [/home/kinetik/anaconda3/bin/../lib/gcc/x86_64-unknown-linux-gnu/4.8.5/crtend.o] ==> ignore
    arg [/home/kinetik/anaconda3/bin/../lib/gcc/x86_64-unknown-linux-gnu/4.8.5/crtn.o] ==> ignore
  remove lib [gcc]
  remove lib [gcc_s]
  remove lib [gcc]
  remove lib [gcc_s]
  collapse library dir [/home/kinetik/anaconda3/bin/../lib/gcc/x86_64-unknown-linux-gnu/4.8.5] ==> [/home/kinetik/anaconda3/lib/gcc/x86_64-unknown-linux-gnu/4.8.5]
  collapse library dir [/home/kinetik/anaconda3/bin/../lib/gcc] ==> [/home/kinetik/anaconda3/lib/gcc]
  collapse library dir [/home/kinetik/anaconda3/bin/../lib/gcc/x86_64-unknown-linux-gnu/4.8.5/../../../../lib] ==> [/home/kinetik/anaconda3/lib]
  collapse library dir [/lib/../lib] ==> [/lib]
  collapse library dir [/usr/lib/../lib] ==> [/usr/lib]
  collapse library dir [/home/kinetik/anaconda3/bin/../lib/gcc/x86_64-unknown-linux-gnu/4.8.5/../../..] ==> [/home/kinetik/anaconda3/lib]
  implicit libs: [c]
  implicit dirs: [/home/kinetik/anaconda3/lib/gcc/x86_64-unknown-linux-gnu/4.8.5;/home/kinetik/anaconda3/lib/gcc;/home/kinetik/anaconda3/lib;/lib;/usr/lib]
  implicit fwks: []




Detecting C [-std=c11] compiler features compiled with the following output:
Change Dir: /home/kinetik/Downloads/fastText/CMakeFiles/CMakeTmp

Run Build Command:"/usr/bin/make" "cmTC_40561/fast"
/usr/bin/make -f CMakeFiles/cmTC_40561.dir/build.make CMakeFiles/cmTC_40561.dir/build
make[1]: Entering directory '/home/kinetik/Downloads/fastText/CMakeFiles/CMakeTmp'
Building C object CMakeFiles/cmTC_40561.dir/feature_tests.c.o
/home/kinetik/anaconda3/bin/cc    -std=c11 -o CMakeFiles/cmTC_40561.dir/feature_tests.c.o   -c /home/kinetik/Downloads/fastText/CMakeFiles/feature_tests.c
Linking C executable cmTC_40561
/usr/bin/cmake -E cmake_link_script CMakeFiles/cmTC_40561.dir/link.txt --verbose=1
/home/kinetik/anaconda3/bin/cc       CMakeFiles/cmTC_40561.dir/feature_tests.c.o  -o cmTC_40561 -rdynamic 
make[1]: Leaving directory '/home/kinetik/Downloads/fastText/CMakeFiles/CMakeTmp'


    Feature record: C_FEATURE:1c_function_prototypes
    Feature record: C_FEATURE:1c_restrict
    Feature record: C_FEATURE:1c_static_assert
    Feature record: C_FEATURE:1c_variadic_macros


Detecting C [-std=c99] compiler features compiled with the following output:
Change Dir: /home/kinetik/Downloads/fastText/CMakeFiles/CMakeTmp

Run Build Command:"/usr/bin/make" "cmTC_8339e/fast"
/usr/bin/make -f CMakeFiles/cmTC_8339e.dir/build.make CMakeFiles/cmTC_8339e.dir/build
make[1]: Entering directory '/home/kinetik/Downloads/fastText/CMakeFiles/CMakeTmp'
Building C object CMakeFiles/cmTC_8339e.dir/feature_tests.c.o
/home/kinetik/anaconda3/bin/cc    -std=c99 -o CMakeFiles/cmTC_8339e.dir/feature_tests.c.o   -c /home/kinetik/Downloads/fastText/CMakeFiles/feature_tests.c
Linking C executable cmTC_8339e
/usr/bin/cmake -E cmake_link_script CMakeFiles/cmTC_8339e.dir/link.txt --verbose=1
/home/kinetik/anaconda3/bin/cc       CMakeFiles/cmTC_8339e.dir/feature_tests.c.o  -o cmTC_8339e -rdynamic 
make[1]: Leaving directory '/home/kinetik/Downloads/fastText/CMakeFiles/CMakeTmp'


    Feature record: C_FEATURE:1c_function_prototypes
    Feature record: C_FEATURE:1c_restrict
    Feature record: C_FEATURE:0c_static_assert
    Feature record: C_FEATURE:1c_variadic_macros


Detecting C [-std=c90] compiler features compiled with the following output:
Change Dir: /home/kinetik/Downloads/fastText/CMakeFiles/CMakeTmp

Run Build Command:"/usr/bin/make" "cmTC_1a638/fast"
/usr/bin/make -f CMakeFiles/cmTC_1a638.dir/build.make CMakeFiles/cmTC_1a638.dir/build
make[1]: Entering directory '/home/kinetik/Downloads/fastText/CMakeFiles/CMakeTmp'
Building C object CMakeFiles/cmTC_1a638.dir/feature_tests.c.o
/home/kinetik/anaconda3/bin/cc    -std=c90 -o CMakeFiles/cmTC_1a638.dir/feature_tests.c.o   -c /home/kinetik/Downloads/fastText/CMakeFiles/feature_tests.c
Linking C executable cmTC_1a638
/usr/bin/cmake -E cmake_link_script CMakeFiles/cmTC_1a638.dir/link.txt --verbose=1
/home/kinetik/anaconda3/bin/cc       CMakeFiles/cmTC_1a638.dir/feature_tests.c.o  -o cmTC_1a638 -rdynamic 
make[1]: Leaving directory '/home/kinetik/Downloads/fastText/CMakeFiles/CMakeTmp'


    Feature record: C_FEATURE:1c_function_prototypes
    Feature record: C_FEATURE:0c_restrict
    Feature record: C_FEATURE:0c_static_assert
    Feature record: C_FEATURE:0c_variadic_macros
Determining if the CXX compiler works passed with the following output:
Change Dir: /home/kinetik/Downloads/fastText/CMakeFiles/CMakeTmp

Run Build Command:"/usr/bin/make" "cmTC_1889b/fast"
/usr/bin/make -f CMakeFiles/cmTC_1889b.dir/build.make CMakeFiles/cmTC_1889b.dir/build
make[1]: Entering directory '/home/kinetik/Downloads/fastText/CMakeFiles/CMakeTmp'
Building CXX object CMakeFiles/cmTC_1889b.dir/testCXXCompiler.cxx.o
/home/kinetik/anaconda3/bin/c++      -o CMakeFiles/cmTC_1889b.dir/testCXXCompiler.cxx.o -c /home/kinetik/Downloads/fastText/CMakeFiles/CMakeTmp/testCXXCompiler.cxx
Linking CXX executable cmTC_1889b
/usr/bin/cmake -E cmake_link_script CMakeFiles/cmTC_1889b.dir/link.txt --verbose=1
/home/kinetik/anaconda3/bin/c++        CMakeFiles/cmTC_1889b.dir/testCXXCompiler.cxx.o  -o cmTC_1889b -rdynamic 
make[1]: Leaving directory '/home/kinetik/Downloads/fastText/CMakeFiles/CMakeTmp'


Detecting CXX compiler ABI info compiled with the following output:
Change Dir: /home/kinetik/Downloads/fastText/CMakeFiles/CMakeTmp

Run Build Command:"/usr/bin/make" "cmTC_c9218/fast"
/usr/bin/make -f CMakeFiles/cmTC_c9218.dir/build.make CMakeFiles/cmTC_c9218.dir/build
make[1]: Entering directory '/home/kinetik/Downloads/fastText/CMakeFiles/CMakeTmp'
Building CXX object CMakeFiles/cmTC_c9218.dir/CMakeCXXCompilerABI.cpp.o
/home/kinetik/anaconda3/bin/c++      -o CMakeFiles/cmTC_c9218.dir/CMakeCXXCompilerABI.cpp.o -c /usr/share/cmake-3.5/Modules/CMakeCXXCompilerABI.cpp
Linking CXX executable cmTC_c9218
/usr/bin/cmake -E cmake_link_script CMakeFiles/cmTC_c9218.dir/link.txt --verbose=1
/home/kinetik/anaconda3/bin/c++       -v CMakeFiles/cmTC_c9218.dir/CMakeCXXCompilerABI.cpp.o  -o cmTC_c9218 -rdynamic  
Reading specs from /home/kinetik/anaconda3/bin/../lib/gcc/x86_64-unknown-linux-gnu/4.8.5/specs
COLLECT_GCC=/home/kinetik/anaconda3/bin/c++
COLLECT_LTO_WRAPPER=/home/kinetik/anaconda3/bin/../libexec/gcc/x86_64-unknown-linux-gnu/4.8.5/lto-wrapper
Target: x86_64-unknown-linux-gnu
Configured with: ./configure --prefix=/home/ray/mc-x64-2.7/conda-bld/gcc_1479223211463/_b_env_placehold_placehold_placehold_placehold_placehold_placehold_placehold_placehold_placehold_placehold_placehold_placehold_placehold_placehold_placehold_placehold_placehold_placehold_placehold_placehold --with-gxx-include-dir=/home/ray/mc-x64-2.7/conda-bld/gcc_1479223211463/_b_env_placehold_placehold_placehold_placehold_placehold_placehold_placehold_placehold_placehold_placehold_placehold_placehold_placehold_placehold_placehold_placehold_placehold_placehold_placehold_placehold/gcc/include/c++ --bindir=/home/ray/mc-x64-2.7/conda-bld/gcc_1479223211463/_b_env_placehold_placehold_placehold_placehold_placehold_placehold_placehold_placehold_placehold_placehold_placehold_placehold_placehold_placehold_placehold_placehold_placehold_placehold_placehold_placehold/bin --datarootdir=/home/ray/mc-x64-2.7/conda-bld/gcc_1479223211463/_b_env_placehold_placehold_placehold_placehold_placehold_placehold_placehold_placehold_placehold_placehold_placehold_placehold_placehold_placehold_placehold_placehold_placehold_placehold_placehold_placehold/share --libdir=/home/ray/mc-x64-2.7/conda-bld/gcc_1479223211463/_b_env_placehold_placehold_placehold_placehold_placehold_placehold_placehold_placehold_placehold_placehold_placehold_placehold_placehold_placehold_placehold_placehold_placehold_placehold_placehold_placehold/lib --with-gmp=/home/ray/mc-x64-2.7/conda-bld/gcc_1479223211463/_b_env_placehold_placehold_placehold_placehold_placehold_placehold_placehold_placehold_placehold_placehold_placehold_placehold_placehold_placehold_placehold_placehold_placehold_placehold_placehold_placehold --with-mpfr=/home/ray/mc-x64-2.7/conda-bld/gcc_1479223211463/_b_env_placehold_placehold_placehold_placehold_placehold_placehold_placehold_placehold_placehold_placehold_placehold_placehold_placehold_placehold_placehold_placehold_placehold_placehold_placehold_placehold --with-mpc=/home/ray/mc-x64-2.7/conda-bld/gcc_1479223211463/_b_env_placehold_placehold_placehold_placehold_placehold_placehold_placehold_placehold_placehold_placehold_placehold_placehold_placehold_placehold_placehold_placehold_placehold_placehold_placehold_placehold --with-isl=/home/ray/mc-x64-2.7/conda-bld/gcc_1479223211463/_b_env_placehold_placehold_placehold_placehold_placehold_placehold_placehold_placehold_placehold_placehold_placehold_placehold_placehold_placehold_placehold_placehold_placehold_placehold_placehold_placehold --with-cloog=/home/ray/mc-x64-2.7/conda-bld/gcc_1479223211463/_b_env_placehold_placehold_placehold_placehold_placehold_placehold_placehold_placehold_placehold_placehold_placehold_placehold_placehold_placehold_placehold_placehold_placehold_placehold_placehold_placehold --enable-checking=release --with-tune=generic --disable-multilib
Thread model: posix
gcc version 4.8.5 (GCC) 
COMPILER_PATH=/home/kinetik/anaconda3/bin/../libexec/gcc/x86_64-unknown-linux-gnu/4.8.5/:/home/kinetik/anaconda3/bin/../libexec/gcc/
LIBRARY_PATH=/home/kinetik/anaconda3/bin/../lib/gcc/x86_64-unknown-linux-gnu/4.8.5/:/home/kinetik/anaconda3/bin/../lib/gcc/:/home/kinetik/anaconda3/bin/../lib/gcc/x86_64-unknown-linux-gnu/4.8.5/../../../../lib/:/lib/../lib/:/usr/lib/../lib/:/home/kinetik/anaconda3/bin/../lib/gcc/x86_64-unknown-linux-gnu/4.8.5/../../../:/lib/:/usr/lib/
COLLECT_GCC_OPTIONS='-v' '-o' 'cmTC_c9218' '-rdynamic' '-shared-libgcc' '-mtune=generic' '-march=x86-64'
 /home/kinetik/anaconda3/bin/../libexec/gcc/x86_64-unknown-linux-gnu/4.8.5/collect2 --eh-frame-hdr -m elf_x86_64 -export-dynamic -dynamic-linker /lib64/ld-linux-x86-64.so.2 -o cmTC_c9218 /home/kinetik/anaconda3/bin/../lib/gcc/x86_64-unknown-linux-gnu/4.8.5/crt1.o /home/kinetik/anaconda3/bin/../lib/gcc/x86_64-unknown-linux-gnu/4.8.5/crti.o /home/kinetik/anaconda3/bin/../lib/gcc/x86_64-unknown-linux-gnu/4.8.5/crtbegin.o -L/home/kinetik/anaconda3/bin/../lib/gcc/x86_64-unknown-linux-gnu/4.8.5 -L/home/kinetik/anaconda3/bin/../lib/gcc -L/home/kinetik/anaconda3/bin/../lib/gcc/x86_64-unknown-linux-gnu/4.8.5/../../../../lib -L/lib/../lib -L/usr/lib/../lib -L/home/kinetik/anaconda3/bin/../lib/gcc/x86_64-unknown-linux-gnu/4.8.5/../../.. CMakeFiles/cmTC_c9218.dir/CMakeCXXCompilerABI.cpp.o -lstdc++ -lm -lgcc_s -lgcc -lc -lgcc_s -lgcc /home/kinetik/anaconda3/bin/../lib/gcc/x86_64-unknown-linux-gnu/4.8.5/crtend.o /home/kinetik/anaconda3/bin/../lib/gcc/x86_64-unknown-linux-gnu/4.8.5/crtn.o
make[1]: Leaving directory '/home/kinetik/Downloads/fastText/CMakeFiles/CMakeTmp'


Parsed CXX implicit link information from above output:
  link line regex: [^( *|.*[/\])(ld|([^/\]+-)?ld|collect2)[^/\]*( |$)]
  ignore line: [Change Dir: /home/kinetik/Downloads/fastText/CMakeFiles/CMakeTmp]
  ignore line: []
  ignore line: [Run Build Command:"/usr/bin/make" "cmTC_c9218/fast"]
  ignore line: [/usr/bin/make -f CMakeFiles/cmTC_c9218.dir/build.make CMakeFiles/cmTC_c9218.dir/build]
  ignore line: [make[1]: Entering directory '/home/kinetik/Downloads/fastText/CMakeFiles/CMakeTmp']
  ignore line: [Building CXX object CMakeFiles/cmTC_c9218.dir/CMakeCXXCompilerABI.cpp.o]
  ignore line: [/home/kinetik/anaconda3/bin/c++      -o CMakeFiles/cmTC_c9218.dir/CMakeCXXCompilerABI.cpp.o -c /usr/share/cmake-3.5/Modules/CMakeCXXCompilerABI.cpp]
  ignore line: [Linking CXX executable cmTC_c9218]
  ignore line: [/usr/bin/cmake -E cmake_link_script CMakeFiles/cmTC_c9218.dir/link.txt --verbose=1]
  ignore line: [/home/kinetik/anaconda3/bin/c++       -v CMakeFiles/cmTC_c9218.dir/CMakeCXXCompilerABI.cpp.o  -o cmTC_c9218 -rdynamic  ]
  ignore line: [Reading specs from /home/kinetik/anaconda3/bin/../lib/gcc/x86_64-unknown-linux-gnu/4.8.5/specs]
  ignore line: [COLLECT_GCC=/home/kinetik/anaconda3/bin/c++]
  ignore line: [COLLECT_LTO_WRAPPER=/home/kinetik/anaconda3/bin/../libexec/gcc/x86_64-unknown-linux-gnu/4.8.5/lto-wrapper]
  ignore line: [Target: x86_64-unknown-linux-gnu]
  ignore line: [Configured with: ./configure --prefix=/home/ray/mc-x64-2.7/conda-bld/gcc_1479223211463/_b_env_placehold_placehold_placehold_placehold_placehold_placehold_placehold_placehold_placehold_placehold_placehold_placehold_placehold_placehold_placehold_placehold_placehold_placehold_placehold_placehold --with-gxx-include-dir=/home/ray/mc-x64-2.7/conda-bld/gcc_1479223211463/_b_env_placehold_placehold_placehold_placehold_placehold_placehold_placehold_placehold_placehold_placehold_placehold_placehold_placehold_placehold_placehold_placehold_placehold_placehold_placehold_placehold/gcc/include/c++ --bindir=/home/ray/mc-x64-2.7/conda-bld/gcc_1479223211463/_b_env_placehold_placehold_placehold_placehold_placehold_placehold_placehold_placehold_placehold_placehold_placehold_placehold_placehold_placehold_placehold_placehold_placehold_placehold_placehold_placehold/bin --datarootdir=/home/ray/mc-x64-2.7/conda-bld/gcc_1479223211463/_b_env_placehold_placehold_placehold_placehold_placehold_placehold_placehold_placehold_placehold_placehold_placehold_placehold_placehold_placehold_placehold_placehold_placehold_placehold_placehold_placehold/share --libdir=/home/ray/mc-x64-2.7/conda-bld/gcc_1479223211463/_b_env_placehold_placehold_placehold_placehold_placehold_placehold_placehold_placehold_placehold_placehold_placehold_placehold_placehold_placehold_placehold_placehold_placehold_placehold_placehold_placehold/lib --with-gmp=/home/ray/mc-x64-2.7/conda-bld/gcc_1479223211463/_b_env_placehold_placehold_placehold_placehold_placehold_placehold_placehold_placehold_placehold_placehold_placehold_placehold_placehold_placehold_placehold_placehold_placehold_placehold_placehold_placehold --with-mpfr=/home/ray/mc-x64-2.7/conda-bld/gcc_1479223211463/_b_env_placehold_placehold_placehold_placehold_placehold_placehold_placehold_placehold_placehold_placehold_placehold_placehold_placehold_placehold_placehold_placehold_placehold_placehold_placehold_placehold --with-mpc=/home/ray/mc-x64-2.7/conda-bld/gcc_1479223211463/_b_env_placehold_placehold_placehold_placehold_placehold_placehold_placehold_placehold_placehold_placehold_placehold_placehold_placehold_placehold_placehold_placehold_placehold_placehold_placehold_placehold --with-isl=/home/ray/mc-x64-2.7/conda-bld/gcc_1479223211463/_b_env_placehold_placehold_placehold_placehold_placehold_placehold_placehold_placehold_placehold_placehold_placehold_placehold_placehold_placehold_placehold_placehold_placehold_placehold_placehold_placehold --with-cloog=/home/ray/mc-x64-2.7/conda-bld/gcc_1479223211463/_b_env_placehold_placehold_placehold_placehold_placehold_placehold_placehold_placehold_placehold_placehold_placehold_placehold_placehold_placehold_placehold_placehold_placehold_placehold_placehold_placehold --enable-checking=release --with-tune=generic --disable-multilib]
  ignore line: [Thread model: posix]
  ignore line: [gcc version 4.8.5 (GCC) ]
  ignore line: [COMPILER_PATH=/home/kinetik/anaconda3/bin/../libexec/gcc/x86_64-unknown-linux-gnu/4.8.5/:/home/kinetik/anaconda3/bin/../libexec/gcc/]
  ignore line: [LIBRARY_PATH=/home/kinetik/anaconda3/bin/../lib/gcc/x86_64-unknown-linux-gnu/4.8.5/:/home/kinetik/anaconda3/bin/../lib/gcc/:/home/kinetik/anaconda3/bin/../lib/gcc/x86_64-unknown-linux-gnu/4.8.5/../../../../lib/:/lib/../lib/:/usr/lib/../lib/:/home/kinetik/anaconda3/bin/../lib/gcc/x86_64-unknown-linux-gnu/4.8.5/../../../:/lib/:/usr/lib/]
  ignore line: [COLLECT_GCC_OPTIONS='-v' '-o' 'cmTC_c9218' '-rdynamic' '-shared-libgcc' '-mtune=generic' '-march=x86-64']
  link line: [ /home/kinetik/anaconda3/bin/../libexec/gcc/x86_64-unknown-linux-gnu/4.8.5/collect2 --eh-frame-hdr -m elf_x86_64 -export-dynamic -dynamic-linker /lib64/ld-linux-x86-64.so.2 -o cmTC_c9218 /home/kinetik/anaconda3/bin/../lib/gcc/x86_64-unknown-linux-gnu/4.8.5/crt1.o /home/kinetik/anaconda3/bin/../lib/gcc/x86_64-unknown-linux-gnu/4.8.5/crti.o /home/kinetik/anaconda3/bin/../lib/gcc/x86_64-unknown-linux-gnu/4.8.5/crtbegin.o -L/home/kinetik/anaconda3/bin/../lib/gcc/x86_64-unknown-linux-gnu/4.8.5 -L/home/kinetik/anaconda3/bin/../lib/gcc -L/home/kinetik/anaconda3/bin/../lib/gcc/x86_64-unknown-linux-gnu/4.8.5/../../../../lib -L/lib/../lib -L/usr/lib/../lib -L/home/kinetik/anaconda3/bin/../lib/gcc/x86_64-unknown-linux-gnu/4.8.5/../../.. CMakeFiles/cmTC_c9218.dir/CMakeCXXCompilerABI.cpp.o -lstdc++ -lm -lgcc_s -lgcc -lc -lgcc_s -lgcc /home/kinetik/anaconda3/bin/../lib/gcc/x86_64-unknown-linux-gnu/4.8.5/crtend.o /home/kinetik/anaconda3/bin/../lib/gcc/x86_64-unknown-linux-gnu/4.8.5/crtn.o]
    arg [/home/kinetik/anaconda3/bin/../libexec/gcc/x86_64-unknown-linux-gnu/4.8.5/collect2] ==> ignore
    arg [--eh-frame-hdr] ==> ignore
    arg [-m] ==> ignore
    arg [elf_x86_64] ==> ignore
    arg [-export-dynamic] ==> ignore
    arg [-dynamic-linker] ==> ignore
    arg [/lib64/ld-linux-x86-64.so.2] ==> ignore
    arg [-o] ==> ignore
    arg [cmTC_c9218] ==> ignore
    arg [/home/kinetik/anaconda3/bin/../lib/gcc/x86_64-unknown-linux-gnu/4.8.5/crt1.o] ==> ignore
    arg [/home/kinetik/anaconda3/bin/../lib/gcc/x86_64-unknown-linux-gnu/4.8.5/crti.o] ==> ignore
    arg [/home/kinetik/anaconda3/bin/../lib/gcc/x86_64-unknown-linux-gnu/4.8.5/crtbegin.o] ==> ignore
    arg [-L/home/kinetik/anaconda3/bin/../lib/gcc/x86_64-unknown-linux-gnu/4.8.5] ==> dir [/home/kinetik/anaconda3/bin/../lib/gcc/x86_64-unknown-linux-gnu/4.8.5]
    arg [-L/home/kinetik/anaconda3/bin/../lib/gcc] ==> dir [/home/kinetik/anaconda3/bin/../lib/gcc]
    arg [-L/home/kinetik/anaconda3/bin/../lib/gcc/x86_64-unknown-linux-gnu/4.8.5/../../../../lib] ==> dir [/home/kinetik/anaconda3/bin/../lib/gcc/x86_64-unknown-linux-gnu/4.8.5/../../../../lib]
    arg [-L/lib/../lib] ==> dir [/lib/../lib]
    arg [-L/usr/lib/../lib] ==> dir [/usr/lib/../lib]
    arg [-L/home/kinetik/anaconda3/bin/../lib/gcc/x86_64-unknown-linux-gnu/4.8.5/../../..] ==> dir [/home/kinetik/anaconda3/bin/../lib/gcc/x86_64-unknown-linux-gnu/4.8.5/../../..]
    arg [CMakeFiles/cmTC_c9218.dir/CMakeCXXCompilerABI.cpp.o] ==> ignore
    arg [-lstdc++] ==> lib [stdc++]
    arg [-lm] ==> lib [m]
    arg [-lgcc_s] ==> lib [gcc_s]
    arg [-lgcc] ==> lib [gcc]
    arg [-lc] ==> lib [c]
    arg [-lgcc_s] ==> lib [gcc_s]
    arg [-lgcc] ==> lib [gcc]
    arg [/home/kinetik/anaconda3/bin/../lib/gcc/x86_64-unknown-linux-gnu/4.8.5/crtend.o] ==> ignore
    arg [/home/kinetik/anaconda3/bin/../lib/gcc/x86_64-unknown-linux-gnu/4.8.5/crtn.o] ==> ignore
  remove lib [gcc_s]
  remove lib [gcc]
  remove lib [gcc_s]
  remove lib [gcc]
  collapse library dir [/home/kinetik/anaconda3/bin/../lib/gcc/x86_64-unknown-linux-gnu/4.8.5] ==> [/home/kinetik/anaconda3/lib/gcc/x86_64-unknown-linux-gnu/4.8.5]
  collapse library dir [/home/kinetik/anaconda3/bin/../lib/gcc] ==> [/home/kinetik/anaconda3/lib/gcc]
  collapse library dir [/home/kinetik/anaconda3/bin/../lib/gcc/x86_64-unknown-linux-gnu/4.8.5/../../../../lib] ==> [/home/kinetik/anaconda3/lib]
  collapse library dir [/lib/../lib] ==> [/lib]
  collapse library dir [/usr/lib/../lib] ==> [/usr/lib]
  collapse library dir [/home/kinetik/anaconda3/bin/../lib/gcc/x86_64-unknown-linux-gnu/4.8.5/../../..] ==> [/home/kinetik/anaconda3/lib]
  implicit libs: [stdc++;m;c]
  implicit dirs: [/home/kinetik/anaconda3/lib/gcc/x86_64-unknown-linux-gnu/4.8.5;/home/kinetik/anaconda3/lib/gcc;/home/kinetik/anaconda3/lib;/lib;/usr/lib]
  implicit fwks: []




Detecting CXX [-std=c++1y] compiler features compiled with the following output:
Change Dir: /home/kinetik/Downloads/fastText/CMakeFiles/CMakeTmp

Run Build Command:"/usr/bin/make" "cmTC_ee75e/fast"
/usr/bin/make -f CMakeFiles/cmTC_ee75e.dir/build.make CMakeFiles/cmTC_ee75e.dir/build
make[1]: Entering directory '/home/kinetik/Downloads/fastText/CMakeFiles/CMakeTmp'
Building CXX object CMakeFiles/cmTC_ee75e.dir/feature_tests.cxx.o
/home/kinetik/anaconda3/bin/c++     -std=c++1y -o CMakeFiles/cmTC_ee75e.dir/feature_tests.cxx.o -c /home/kinetik/Downloads/fastText/CMakeFiles/feature_tests.cxx
Linking CXX executable cmTC_ee75e
/usr/bin/cmake -E cmake_link_script CMakeFiles/cmTC_ee75e.dir/link.txt --verbose=1
/home/kinetik/anaconda3/bin/c++        CMakeFiles/cmTC_ee75e.dir/feature_tests.cxx.o  -o cmTC_ee75e -rdynamic 
make[1]: Leaving directory '/home/kinetik/Downloads/fastText/CMakeFiles/CMakeTmp'


    Feature record: CXX_FEATURE:0cxx_aggregate_default_initializers
    Feature record: CXX_FEATURE:1cxx_alias_templates
    Feature record: CXX_FEATURE:1cxx_alignas
    Feature record: CXX_FEATURE:1cxx_alignof
    Feature record: CXX_FEATURE:1cxx_attributes
    Feature record: CXX_FEATURE:0cxx_attribute_deprecated
    Feature record: CXX_FEATURE:1cxx_auto_type
    Feature record: CXX_FEATURE:0cxx_binary_literals
    Feature record: CXX_FEATURE:1cxx_constexpr
    Feature record: CXX_FEATURE:0cxx_contextual_conversions
    Feature record: CXX_FEATURE:1cxx_decltype
    Feature record: CXX_FEATURE:0cxx_decltype_auto
    Feature record: CXX_FEATURE:1cxx_decltype_incomplete_return_types
    Feature record: CXX_FEATURE:1cxx_default_function_template_args
    Feature record: CXX_FEATURE:1cxx_defaulted_functions
    Feature record: CXX_FEATURE:1cxx_defaulted_move_initializers
    Feature record: CXX_FEATURE:1cxx_delegating_constructors
    Feature record: CXX_FEATURE:1cxx_deleted_functions
    Feature record: CXX_FEATURE:0cxx_digit_separators
    Feature record: CXX_FEATURE:1cxx_enum_forward_declarations
    Feature record: CXX_FEATURE:1cxx_explicit_conversions
    Feature record: CXX_FEATURE:1cxx_extended_friend_declarations
    Feature record: CXX_FEATURE:1cxx_extern_templates
    Feature record: CXX_FEATURE:1cxx_final
    Feature record: CXX_FEATURE:1cxx_func_identifier
    Feature record: CXX_FEATURE:1cxx_generalized_initializers
    Feature record: CXX_FEATURE:0cxx_generic_lambdas
    Feature record: CXX_FEATURE:1cxx_inheriting_constructors
    Feature record: CXX_FEATURE:1cxx_inline_namespaces
    Feature record: CXX_FEATURE:1cxx_lambdas
    Feature record: CXX_FEATURE:0cxx_lambda_init_captures
    Feature record: CXX_FEATURE:1cxx_local_type_template_args
    Feature record: CXX_FEATURE:1cxx_long_long_type
    Feature record: CXX_FEATURE:1cxx_noexcept
    Feature record: CXX_FEATURE:1cxx_nonstatic_member_init
    Feature record: CXX_FEATURE:1cxx_nullptr
    Feature record: CXX_FEATURE:1cxx_override
    Feature record: CXX_FEATURE:1cxx_range_for
    Feature record: CXX_FEATURE:1cxx_raw_string_literals
    Feature record: CXX_FEATURE:1cxx_reference_qualified_functions
    Feature record: CXX_FEATURE:0cxx_relaxed_constexpr
    Feature record: CXX_FEATURE:0cxx_return_type_deduction
    Feature record: CXX_FEATURE:1cxx_right_angle_brackets
    Feature record: CXX_FEATURE:1cxx_rvalue_references
    Feature record: CXX_FEATURE:1cxx_sizeof_member
    Feature record: CXX_FEATURE:1cxx_static_assert
    Feature record: CXX_FEATURE:1cxx_strong_enums
    Feature record: CXX_FEATURE:1cxx_template_template_parameters
    Feature record: CXX_FEATURE:1cxx_thread_local
    Feature record: CXX_FEATURE:1cxx_trailing_return_types
    Feature record: CXX_FEATURE:1cxx_unicode_literals
    Feature record: CXX_FEATURE:1cxx_uniform_initialization
    Feature record: CXX_FEATURE:1cxx_unrestricted_unions
    Feature record: CXX_FEATURE:1cxx_user_literals
    Feature record: CXX_FEATURE:0cxx_variable_templates
    Feature record: CXX_FEATURE:1cxx_variadic_macros
    Feature record: CXX_FEATURE:1cxx_variadic_templates


Detecting CXX [-std=c++11] compiler features compiled with the following output:
Change Dir: /home/kinetik/Downloads/fastText/CMakeFiles/CMakeTmp

Run Build Command:"/usr/bin/make" "cmTC_7a9f4/fast"
/usr/bin/make -f CMakeFiles/cmTC_7a9f4.dir/build.make CMakeFiles/cmTC_7a9f4.dir/build
make[1]: Entering directory '/home/kinetik/Downloads/fastText/CMakeFiles/CMakeTmp'
Building CXX object CMakeFiles/cmTC_7a9f4.dir/feature_tests.cxx.o
/home/kinetik/anaconda3/bin/c++     -std=c++11 -o CMakeFiles/cmTC_7a9f4.dir/feature_tests.cxx.o -c /home/kinetik/Downloads/fastText/CMakeFiles/feature_tests.cxx
Linking CXX executable cmTC_7a9f4
/usr/bin/cmake -E cmake_link_script CMakeFiles/cmTC_7a9f4.dir/link.txt --verbose=1
/home/kinetik/anaconda3/bin/c++        CMakeFiles/cmTC_7a9f4.dir/feature_tests.cxx.o  -o cmTC_7a9f4 -rdynamic 
make[1]: Leaving directory '/home/kinetik/Downloads/fastText/CMakeFiles/CMakeTmp'


    Feature record: CXX_FEATURE:0cxx_aggregate_default_initializers
    Feature record: CXX_FEATURE:1cxx_alias_templates
    Feature record: CXX_FEATURE:1cxx_alignas
    Feature record: CXX_FEATURE:1cxx_alignof
    Feature record: CXX_FEATURE:1cxx_attributes
    Feature record: CXX_FEATURE:0cxx_attribute_deprecated
    Feature record: CXX_FEATURE:1cxx_auto_type
    Feature record: CXX_FEATURE:0cxx_binary_literals
    Feature record: CXX_FEATURE:1cxx_constexpr
    Feature record: CXX_FEATURE:0cxx_contextual_conversions
    Feature record: CXX_FEATURE:1cxx_decltype
    Feature record: CXX_FEATURE:0cxx_decltype_auto
    Feature record: CXX_FEATURE:1cxx_decltype_incomplete_return_types
    Feature record: CXX_FEATURE:1cxx_default_function_template_args
    Feature record: CXX_FEATURE:1cxx_defaulted_functions
    Feature record: CXX_FEATURE:1cxx_defaulted_move_initializers
    Feature record: CXX_FEATURE:1cxx_delegating_constructors
    Feature record: CXX_FEATURE:1cxx_deleted_functions
    Feature record: CXX_FEATURE:0cxx_digit_separators
    Feature record: CXX_FEATURE:1cxx_enum_forward_declarations
    Feature record: CXX_FEATURE:1cxx_explicit_conversions
    Feature record: CXX_FEATURE:1cxx_extended_friend_declarations
    Feature record: CXX_FEATURE:1cxx_extern_templates
    Feature record: CXX_FEATURE:1cxx_final
    Feature record: CXX_FEATURE:1cxx_func_identifier
    Feature record: CXX_FEATURE:1cxx_generalized_initializers
    Feature record: CXX_FEATURE:0cxx_generic_lambdas
    Feature record: CXX_FEATURE:1cxx_inheriting_constructors
    Feature record: CXX_FEATURE:1cxx_inline_namespaces
    Feature record: CXX_FEATURE:1cxx_lambdas
    Feature record: CXX_FEATURE:0cxx_lambda_init_captures
    Feature record: CXX_FEATURE:1cxx_local_type_template_args
    Feature record: CXX_FEATURE:1cxx_long_long_type
    Feature record: CXX_FEATURE:1cxx_noexcept
    Feature record: CXX_FEATURE:1cxx_nonstatic_member_init
    Feature record: CXX_FEATURE:1cxx_nullptr
    Feature record: CXX_FEATURE:1cxx_override
    Feature record: CXX_FEATURE:1cxx_range_for
    Feature record: CXX_FEATURE:1cxx_raw_string_literals
    Feature record: CXX_FEATURE:1cxx_reference_qualified_functions
    Feature record: CXX_FEATURE:0cxx_relaxed_constexpr
    Feature record: CXX_FEATURE:0cxx_return_type_deduction
    Feature record: CXX_FEATURE:1cxx_right_angle_brackets
    Feature record: CXX_FEATURE:1cxx_rvalue_references
    Feature record: CXX_FEATURE:1cxx_sizeof_member
    Feature record: CXX_FEATURE:1cxx_static_assert
    Feature record: CXX_FEATURE:1cxx_strong_enums
    Feature record: CXX_FEATURE:1cxx_template_template_parameters
    Feature record: CXX_FEATURE:1cxx_thread_local
    Feature record: CXX_FEATURE:1cxx_trailing_return_types
    Feature record: CXX_FEATURE:1cxx_unicode_literals
    Feature record: CXX_FEATURE:1cxx_uniform_initialization
    Feature record: CXX_FEATURE:1cxx_unrestricted_unions
    Feature record: CXX_FEATURE:1cxx_user_literals
    Feature record: CXX_FEATURE:0cxx_variable_templates
    Feature record: CXX_FEATURE:1cxx_variadic_macros
    Feature record: CXX_FEATURE:1cxx_variadic_templates


Detecting CXX [-std=c++98] compiler features compiled with the following output:
Change Dir: /home/kinetik/Downloads/fastText/CMakeFiles/CMakeTmp

Run Build Command:"/usr/bin/make" "cmTC_9c058/fast"
/usr/bin/make -f CMakeFiles/cmTC_9c058.dir/build.make CMakeFiles/cmTC_9c058.dir/build
make[1]: Entering directory '/home/kinetik/Downloads/fastText/CMakeFiles/CMakeTmp'
Building CXX object CMakeFiles/cmTC_9c058.dir/feature_tests.cxx.o
/home/kinetik/anaconda3/bin/c++     -std=c++98 -o CMakeFiles/cmTC_9c058.dir/feature_tests.cxx.o -c /home/kinetik/Downloads/fastText/CMakeFiles/feature_tests.cxx
Linking CXX executable cmTC_9c058
/usr/bin/cmake -E cmake_link_script CMakeFiles/cmTC_9c058.dir/link.txt --verbose=1
/home/kinetik/anaconda3/bin/c++        CMakeFiles/cmTC_9c058.dir/feature_tests.cxx.o  -o cmTC_9c058 -rdynamic 
make[1]: Leaving directory '/home/kinetik/Downloads/fastText/CMakeFiles/CMakeTmp'


    Feature record: CXX_FEATURE:0cxx_aggregate_default_initializers
    Feature record: CXX_FEATURE:0cxx_alias_templates
    Feature record: CXX_FEATURE:0cxx_alignas
    Feature record: CXX_FEATURE:0cxx_alignof
    Feature record: CXX_FEATURE:0cxx_attributes
    Feature record: CXX_FEATURE:0cxx_attribute_deprecated
    Feature record: CXX_FEATURE:0cxx_auto_type
    Feature record: CXX_FEATURE:0cxx_binary_literals
    Feature record: CXX_FEATURE:0cxx_constexpr
    Feature record: CXX_FEATURE:0cxx_contextual_conversions
    Feature record: CXX_FEATURE:0cxx_decltype
    Feature record: CXX_FEATURE:0cxx_decltype_auto
    Feature record: CXX_FEATURE:0cxx_decltype_incomplete_return_types
    Feature record: CXX_FEATURE:0cxx_default_function_template_args
    Feature record: CXX_FEATURE:0cxx_defaulted_functions
    Feature record: CXX_FEATURE:0cxx_defaulted_move_initializers
    Feature record: CXX_FEATURE:0cxx_delegating_constructors
    Feature record: CXX_FEATURE:0cxx_deleted_functions
    Feature record: CXX_FEATURE:0cxx_digit_separators
    Feature record: CXX_FEATURE:0cxx_enum_forward_declarations
    Feature record: CXX_FEATURE:0cxx_explicit_conversions
    Feature record: CXX_FEATURE:0cxx_extended_friend_declarations
    Feature record: CXX_FEATURE:0cxx_extern_templates
    Feature record: CXX_FEATURE:0cxx_final
    Feature record: CXX_FEATURE:0cxx_func_identifier
    Feature record: CXX_FEATURE:0cxx_generalized_initializers
    Feature record: CXX_FEATURE:0cxx_generic_lambdas
    Feature record: CXX_FEATURE:0cxx_inheriting_constructors
    Feature record: CXX_FEATURE:0cxx_inline_namespaces
    Feature record: CXX_FEATURE:0cxx_lambdas
    Feature record: CXX_FEATURE:0cxx_lambda_init_captures
    Feature record: CXX_FEATURE:0cxx_local_type_template_args
    Feature record: CXX_FEATURE:0cxx_long_long_type
    Feature record: CXX_FEATURE:0cxx_noexcept
    Feature record: CXX_FEATURE:0cxx_nonstatic_member_init
    Feature record: CXX_FEATURE:0cxx_nullptr
    Feature record: CXX_FEATURE:0cxx_override
    Feature record: CXX_FEATURE:0cxx_range_for
    Feature record: CXX_FEATURE:0cxx_raw_string_literals
    Feature record: CXX_FEATURE:0cxx_reference_qualified_functions
    Feature record: CXX_FEATURE:0cxx_relaxed_constexpr
    Feature record: CXX_FEATURE:0cxx_return_type_deduction
    Feature record: CXX_FEATURE:0cxx_right_angle_brackets
    Feature record: CXX_FEATURE:0cxx_rvalue_references
    Feature record: CXX_FEATURE:0cxx_sizeof_member
    Feature record: CXX_FEATURE:0cxx_static_assert
    Feature record: CXX_FEATURE:0cxx_strong_enums
    Feature record: CXX_FEATURE:1cxx_template_template_parameters
    Feature record: CXX_FEATURE:0cxx_thread_local
    Feature record: CXX_FEATURE:0cxx_trailing_return_types
    Feature record: CXX_FEATURE:0cxx_unicode_literals
    Feature record: CXX_FEATURE:0cxx_uniform_initialization
    Feature record: CXX_FEATURE:0cxx_unrestricted_unions
    Feature record: CXX_FEATURE:0cxx_user_literals
    Feature record: CXX_FEATURE:0cxx_variable_templates
    Feature record: CXX_FEATURE:0cxx_variadic_macros
    Feature record: CXX_FEATURE:0cxx_variadic_templates
The system is: Linux - 4.4.0-135-generic - x86_64
Compiling the C compiler identification source file "CMakeCCompilerId.c" succeeded.
Compiler: /home/kinetik/anaconda3/bin/cc 
Build flags: 
Id flags: 

The output was:
0


Compilation of the C compiler identification source "CMakeCCompilerId.c" produced "a.out"

The C compiler identification is GNU, found in "/home/kinetik/Downloads/fastText/CMakeFiles/2.8.11/CompilerIdC/a.out"

Compiling the CXX compiler identification source file "CMakeCXXCompilerId.cpp" succeeded.
Compiler: /home/kinetik/anaconda3/bin/c++ 
Build flags: 
Id flags: 

The output was:
0


Compilation of the CXX compiler identification source "CMakeCXXCompilerId.cpp" produced "a.out"

The CXX compiler identification is GNU, found in "/home/kinetik/Downloads/fastText/CMakeFiles/2.8.11/CompilerIdCXX/a.out"

Determining if the C compiler works passed with the following output:
Change Dir: /home/kinetik/Downloads/fastText/CMakeFiles/CMakeTmp

Run Build Command:/usr/bin/make "cmTryCompileExec1569033314/fast"
/usr/bin/make -f CMakeFiles/cmTryCompileExec1569033314.dir/build.make CMakeFiles/cmTryCompileExec1569033314.dir/build
make[1]: Entering directory `/home/kinetik/Downloads/fastText/CMakeFiles/CMakeTmp'
/usr/bin/cmake -E cmake_progress_report /home/kinetik/Downloads/fastText/CMakeFiles/CMakeTmp/CMakeFiles 1
Building C object CMakeFiles/cmTryCompileExec1569033314.dir/testCCompiler.c.o
/home/kinetik/anaconda3/bin/cc    -o CMakeFiles/cmTryCompileExec1569033314.dir/testCCompiler.c.o   -c /home/kinetik/Downloads/fastText/CMakeFiles/CMakeTmp/testCCompiler.c
Linking C executable cmTryCompileExec1569033314
/usr/bin/cmake -E cmake_link_script CMakeFiles/cmTryCompileExec1569033314.dir/link.txt --verbose=1
/home/kinetik/anaconda3/bin/cc         CMakeFiles/cmTryCompileExec1569033314.dir/testCCompiler.c.o  -o cmTryCompileExec1569033314 -rdynamic 
make[1]: Leaving directory `/home/kinetik/Downloads/fastText/CMakeFiles/CMakeTmp'


Detecting C compiler ABI info compiled with the following output:
Change Dir: /home/kinetik/Downloads/fastText/CMakeFiles/CMakeTmp

Run Build Command:/usr/bin/make "cmTryCompileExec2574832298/fast"
/usr/bin/make -f CMakeFiles/cmTryCompileExec2574832298.dir/build.make CMakeFiles/cmTryCompileExec2574832298.dir/build
make[1]: Entering directory `/home/kinetik/Downloads/fastText/CMakeFiles/CMakeTmp'
/usr/bin/cmake -E cmake_progress_report /home/kinetik/Downloads/fastText/CMakeFiles/CMakeTmp/CMakeFiles 1
Building C object CMakeFiles/cmTryCompileExec2574832298.dir/CMakeCCompilerABI.c.o
/home/kinetik/anaconda3/bin/cc    -o CMakeFiles/cmTryCompileExec2574832298.dir/CMakeCCompilerABI.c.o   -c /usr/share/cmake/Modules/CMakeCCompilerABI.c
Linking C executable cmTryCompileExec2574832298
/usr/bin/cmake -E cmake_link_script CMakeFiles/cmTryCompileExec2574832298.dir/link.txt --verbose=1
/home/kinetik/anaconda3/bin/cc       -v CMakeFiles/cmTryCompileExec2574832298.dir/CMakeCCompilerABI.c.o  -o cmTryCompileExec2574832298 -rdynamic  
Reading specs from /home/kinetik/anaconda3/bin/../lib/gcc/x86_64-unknown-linux-gnu/4.8.5/specs
COLLECT_GCC=/home/kinetik/anaconda3/bin/cc
COLLECT_LTO_WRAPPER=/home/kinetik/anaconda3/bin/../libexec/gcc/x86_64-unknown-linux-gnu/4.8.5/lto-wrapper
Target: x86_64-unknown-linux-gnu
Configured with: ./configure --prefix=/home/ray/mc-x64-2.7/conda-bld/gcc_1479223211463/_b_env_placehold_placehold_placehold_placehold_placehold_placehold_placehold_placehold_placehold_placehold_placehold_placehold_placehold_placehold_placehold_placehold_placehold_placehold_placehold_placehold --with-gxx-include-dir=/home/ray/mc-x64-2.7/conda-bld/gcc_1479223211463/_b_env_placehold_placehold_placehold_placehold_placehold_placehold_placehold_placehold_placehold_placehold_placehold_placehold_placehold_placehold_placehold_placehold_placehold_placehold_placehold_placehold/gcc/include/c++ --bindir=/home/ray/mc-x64-2.7/conda-bld/gcc_1479223211463/_b_env_placehold_placehold_placehold_placehold_placehold_placehold_placehold_placehold_placehold_placehold_placehold_placehold_placehold_placehold_placehold_placehold_placehold_placehold_placehold_placehold/bin --datarootdir=/home/ray/mc-x64-2.7/conda-bld/gcc_1479223211463/_b_env_placehold_placehold_placehold_placehold_placehold_placehold_placehold_placehold_placehold_placehold_placehold_placehold_placehold_placehold_placehold_placehold_placehold_placehold_placehold_placehold/share --libdir=/home/ray/mc-x64-2.7/conda-bld/gcc_1479223211463/_b_env_placehold_placehold_placehold_placehold_placehold_placehold_placehold_placehold_placehold_placehold_placehold_placehold_placehold_placehold_placehold_placehold_placehold_placehold_placehold_placehold/lib --with-gmp=/home/ray/mc-x64-2.7/conda-bld/gcc_1479223211463/_b_env_placehold_placehold_placehold_placehold_placehold_placehold_placehold_placehold_placehold_placehold_placehold_placehold_placehold_placehold_placehold_placehold_placehold_placehold_placehold_placehold --with-mpfr=/home/ray/mc-x64-2.7/conda-bld/gcc_1479223211463/_b_env_placehold_placehold_placehold_placehold_placehold_placehold_placehold_placehold_placehold_placehold_placehold_placehold_placehold_placehold_placehold_placehold_placehold_placehold_placehold_placehold --with-mpc=/home/ray/mc-x64-2.7/conda-bld/gcc_1479223211463/_b_env_placehold_placehold_placehold_placehold_placehold_placehold_placehold_placehold_placehold_placehold_placehold_placehold_placehold_placehold_placehold_placehold_placehold_placehold_placehold_placehold --with-isl=/home/ray/mc-x64-2.7/conda-bld/gcc_1479223211463/_b_env_placehold_placehold_placehold_placehold_placehold_placehold_placehold_placehold_placehold_placehold_placehold_placehold_placehold_placehold_placehold_placehold_placehold_placehold_placehold_placehold --with-cloog=/home/ray/mc-x64-2.7/conda-bld/gcc_1479223211463/_b_env_placehold_placehold_placehold_placehold_placehold_placehold_placehold_placehold_placehold_placehold_placehold_placehold_placehold_placehold_placehold_placehold_placehold_placehold_placehold_placehold --enable-checking=release --with-tune=generic --disable-multilib
Thread model: posix
gcc version 4.8.5 (GCC) 
COMPILER_PATH=/home/kinetik/anaconda3/bin/../libexec/gcc/x86_64-unknown-linux-gnu/4.8.5/:/home/kinetik/anaconda3/bin/../libexec/gcc/
LIBRARY_PATH=/home/kinetik/anaconda3/bin/../lib/gcc/x86_64-unknown-linux-gnu/4.8.5/:/home/kinetik/anaconda3/bin/../lib/gcc/:/home/kinetik/anaconda3/bin/../lib/gcc/x86_64-unknown-linux-gnu/4.8.5/../../../../lib/:/lib/../lib/:/usr/lib/../lib/:/home/kinetik/anaconda3/bin/../lib/gcc/x86_64-unknown-linux-gnu/4.8.5/../../../:/lib/:/usr/lib/
COLLECT_GCC_OPTIONS='-v' '-o' 'cmTryCompileExec2574832298' '-rdynamic' '-mtune=generic' '-march=x86-64'
 /home/kinetik/anaconda3/bin/../libexec/gcc/x86_64-unknown-linux-gnu/4.8.5/collect2 --eh-frame-hdr -m elf_x86_64 -export-dynamic -dynamic-linker /lib64/ld-linux-x86-64.so.2 -o cmTryCompileExec2574832298 /home/kinetik/anaconda3/bin/../lib/gcc/x86_64-unknown-linux-gnu/4.8.5/../../../../lib/crt1.o /home/kinetik/anaconda3/bin/../lib/gcc/x86_64-unknown-linux-gnu/4.8.5/../../../../lib/crti.o /home/kinetik/anaconda3/bin/../lib/gcc/x86_64-unknown-linux-gnu/4.8.5/crtbegin.o -L/home/kinetik/anaconda3/bin/../lib/gcc/x86_64-unknown-linux-gnu/4.8.5 -L/home/kinetik/anaconda3/bin/../lib/gcc -L/home/kinetik/anaconda3/bin/../lib/gcc/x86_64-unknown-linux-gnu/4.8.5/../../../../lib -L/lib/../lib -L/usr/lib/../lib -L/home/kinetik/anaconda3/bin/../lib/gcc/x86_64-unknown-linux-gnu/4.8.5/../../.. CMakeFiles/cmTryCompileExec2574832298.dir/CMakeCCompilerABI.c.o -lgcc --as-needed -lgcc_s --no-as-needed -lc -lgcc --as-needed -lgcc_s --no-as-needed /home/kinetik/anaconda3/bin/../lib/gcc/x86_64-unknown-linux-gnu/4.8.5/crtend.o /home/kinetik/anaconda3/bin/../lib/gcc/x86_64-unknown-linux-gnu/4.8.5/../../../../lib/crtn.o
make[1]: Leaving directory `/home/kinetik/Downloads/fastText/CMakeFiles/CMakeTmp'


Parsed C implicit link information from above output:
  link line regex: [^( *|.*[/\])(ld|ld|collect2)[^/\]*( |$)]
  ignore line: [Change Dir: /home/kinetik/Downloads/fastText/CMakeFiles/CMakeTmp]
  ignore line: []
  ignore line: [Run Build Command:/usr/bin/make "cmTryCompileExec2574832298/fast"]
  ignore line: [/usr/bin/make -f CMakeFiles/cmTryCompileExec2574832298.dir/build.make CMakeFiles/cmTryCompileExec2574832298.dir/build]
  ignore line: [make[1]: Entering directory `/home/kinetik/Downloads/fastText/CMakeFiles/CMakeTmp']
  ignore line: [/usr/bin/cmake -E cmake_progress_report /home/kinetik/Downloads/fastText/CMakeFiles/CMakeTmp/CMakeFiles 1]
  ignore line: [Building C object CMakeFiles/cmTryCompileExec2574832298.dir/CMakeCCompilerABI.c.o]
  ignore line: [/home/kinetik/anaconda3/bin/cc    -o CMakeFiles/cmTryCompileExec2574832298.dir/CMakeCCompilerABI.c.o   -c /usr/share/cmake/Modules/CMakeCCompilerABI.c]
  ignore line: [Linking C executable cmTryCompileExec2574832298]
  ignore line: [/usr/bin/cmake -E cmake_link_script CMakeFiles/cmTryCompileExec2574832298.dir/link.txt --verbose=1]
  ignore line: [/home/kinetik/anaconda3/bin/cc       -v CMakeFiles/cmTryCompileExec2574832298.dir/CMakeCCompilerABI.c.o  -o cmTryCompileExec2574832298 -rdynamic  ]
  ignore line: [Reading specs from /home/kinetik/anaconda3/bin/../lib/gcc/x86_64-unknown-linux-gnu/4.8.5/specs]
  ignore line: [COLLECT_GCC=/home/kinetik/anaconda3/bin/cc]
  ignore line: [COLLECT_LTO_WRAPPER=/home/kinetik/anaconda3/bin/../libexec/gcc/x86_64-unknown-linux-gnu/4.8.5/lto-wrapper]
  ignore line: [Target: x86_64-unknown-linux-gnu]
  ignore line: [Configured with: ./configure --prefix=/home/ray/mc-x64-2.7/conda-bld/gcc_1479223211463/_b_env_placehold_placehold_placehold_placehold_placehold_placehold_placehold_placehold_placehold_placehold_placehold_placehold_placehold_placehold_placehold_placehold_placehold_placehold_placehold_placehold --with-gxx-include-dir=/home/ray/mc-x64-2.7/conda-bld/gcc_1479223211463/_b_env_placehold_placehold_placehold_placehold_placehold_placehold_placehold_placehold_placehold_placehold_placehold_placehold_placehold_placehold_placehold_placehold_placehold_placehold_placehold_placehold/gcc/include/c++ --bindir=/home/ray/mc-x64-2.7/conda-bld/gcc_1479223211463/_b_env_placehold_placehold_placehold_placehold_placehold_placehold_placehold_placehold_placehold_placehold_placehold_placehold_placehold_placehold_placehold_placehold_placehold_placehold_placehold_placehold/bin --datarootdir=/home/ray/mc-x64-2.7/conda-bld/gcc_1479223211463/_b_env_placehold_placehold_placehold_placehold_placehold_placehold_placehold_placehold_placehold_placehold_placehold_placehold_placehold_placehold_placehold_placehold_placehold_placehold_placehold_placehold/share --libdir=/home/ray/mc-x64-2.7/conda-bld/gcc_1479223211463/_b_env_placehold_placehold_placehold_placehold_placehold_placehold_placehold_placehold_placehold_placehold_placehold_placehold_placehold_placehold_placehold_placehold_placehold_placehold_placehold_placehold/lib --with-gmp=/home/ray/mc-x64-2.7/conda-bld/gcc_1479223211463/_b_env_placehold_placehold_placehold_placehold_placehold_placehold_placehold_placehold_placehold_placehold_placehold_placehold_placehold_placehold_placehold_placehold_placehold_placehold_placehold_placehold --with-mpfr=/home/ray/mc-x64-2.7/conda-bld/gcc_1479223211463/_b_env_placehold_placehold_placehold_placehold_placehold_placehold_placehold_placehold_placehold_placehold_placehold_placehold_placehold_placehold_placehold_placehold_placehold_placehold_placehold_placehold --with-mpc=/home/ray/mc-x64-2.7/conda-bld/gcc_1479223211463/_b_env_placehold_placehold_placehold_placehold_placehold_placehold_placehold_placehold_placehold_placehold_placehold_placehold_placehold_placehold_placehold_placehold_placehold_placehold_placehold_placehold --with-isl=/home/ray/mc-x64-2.7/conda-bld/gcc_1479223211463/_b_env_placehold_placehold_placehold_placehold_placehold_placehold_placehold_placehold_placehold_placehold_placehold_placehold_placehold_placehold_placehold_placehold_placehold_placehold_placehold_placehold --with-cloog=/home/ray/mc-x64-2.7/conda-bld/gcc_1479223211463/_b_env_placehold_placehold_placehold_placehold_placehold_placehold_placehold_placehold_placehold_placehold_placehold_placehold_placehold_placehold_placehold_placehold_placehold_placehold_placehold_placehold --enable-checking=release --with-tune=generic --disable-multilib]
  ignore line: [Thread model: posix]
  ignore line: [gcc version 4.8.5 (GCC) ]
  ignore line: [COMPILER_PATH=/home/kinetik/anaconda3/bin/../libexec/gcc/x86_64-unknown-linux-gnu/4.8.5/:/home/kinetik/anaconda3/bin/../libexec/gcc/]
  ignore line: [LIBRARY_PATH=/home/kinetik/anaconda3/bin/../lib/gcc/x86_64-unknown-linux-gnu/4.8.5/:/home/kinetik/anaconda3/bin/../lib/gcc/:/home/kinetik/anaconda3/bin/../lib/gcc/x86_64-unknown-linux-gnu/4.8.5/../../../../lib/:/lib/../lib/:/usr/lib/../lib/:/home/kinetik/anaconda3/bin/../lib/gcc/x86_64-unknown-linux-gnu/4.8.5/../../../:/lib/:/usr/lib/]
  ignore line: [COLLECT_GCC_OPTIONS='-v' '-o' 'cmTryCompileExec2574832298' '-rdynamic' '-mtune=generic' '-march=x86-64']
  link line: [ /home/kinetik/anaconda3/bin/../libexec/gcc/x86_64-unknown-linux-gnu/4.8.5/collect2 --eh-frame-hdr -m elf_x86_64 -export-dynamic -dynamic-linker /lib64/ld-linux-x86-64.so.2 -o cmTryCompileExec2574832298 /home/kinetik/anaconda3/bin/../lib/gcc/x86_64-unknown-linux-gnu/4.8.5/../../../../lib/crt1.o /home/kinetik/anaconda3/bin/../lib/gcc/x86_64-unknown-linux-gnu/4.8.5/../../../../lib/crti.o /home/kinetik/anaconda3/bin/../lib/gcc/x86_64-unknown-linux-gnu/4.8.5/crtbegin.o -L/home/kinetik/anaconda3/bin/../lib/gcc/x86_64-unknown-linux-gnu/4.8.5 -L/home/kinetik/anaconda3/bin/../lib/gcc -L/home/kinetik/anaconda3/bin/../lib/gcc/x86_64-unknown-linux-gnu/4.8.5/../../../../lib -L/lib/../lib -L/usr/lib/../lib -L/home/kinetik/anaconda3/bin/../lib/gcc/x86_64-unknown-linux-gnu/4.8.5/../../.. CMakeFiles/cmTryCompileExec2574832298.dir/CMakeCCompilerABI.c.o -lgcc --as-needed -lgcc_s --no-as-needed -lc -lgcc --as-needed -lgcc_s --no-as-needed /home/kinetik/anaconda3/bin/../lib/gcc/x86_64-unknown-linux-gnu/4.8.5/crtend.o /home/kinetik/anaconda3/bin/../lib/gcc/x86_64-unknown-linux-gnu/4.8.5/../../../../lib/crtn.o]
    arg [/home/kinetik/anaconda3/bin/../libexec/gcc/x86_64-unknown-linux-gnu/4.8.5/collect2] ==> ignore
    arg [--eh-frame-hdr] ==> ignore
    arg [-m] ==> ignore
    arg [elf_x86_64] ==> ignore
    arg [-export-dynamic] ==> ignore
    arg [-dynamic-linker] ==> ignore
    arg [/lib64/ld-linux-x86-64.so.2] ==> ignore
    arg [-o] ==> ignore
    arg [cmTryCompileExec2574832298] ==> ignore
    arg [/home/kinetik/anaconda3/bin/../lib/gcc/x86_64-unknown-linux-gnu/4.8.5/../../../../lib/crt1.o] ==> ignore
    arg [/home/kinetik/anaconda3/bin/../lib/gcc/x86_64-unknown-linux-gnu/4.8.5/../../../../lib/crti.o] ==> ignore
    arg [/home/kinetik/anaconda3/bin/../lib/gcc/x86_64-unknown-linux-gnu/4.8.5/crtbegin.o] ==> ignore
    arg [-L/home/kinetik/anaconda3/bin/../lib/gcc/x86_64-unknown-linux-gnu/4.8.5] ==> dir [/home/kinetik/anaconda3/bin/../lib/gcc/x86_64-unknown-linux-gnu/4.8.5]
    arg [-L/home/kinetik/anaconda3/bin/../lib/gcc] ==> dir [/home/kinetik/anaconda3/bin/../lib/gcc]
    arg [-L/home/kinetik/anaconda3/bin/../lib/gcc/x86_64-unknown-linux-gnu/4.8.5/../../../../lib] ==> dir [/home/kinetik/anaconda3/bin/../lib/gcc/x86_64-unknown-linux-gnu/4.8.5/../../../../lib]
    arg [-L/lib/../lib] ==> dir [/lib/../lib]
    arg [-L/usr/lib/../lib] ==> dir [/usr/lib/../lib]
    arg [-L/home/kinetik/anaconda3/bin/../lib/gcc/x86_64-unknown-linux-gnu/4.8.5/../../..] ==> dir [/home/kinetik/anaconda3/bin/../lib/gcc/x86_64-unknown-linux-gnu/4.8.5/../../..]
    arg [CMakeFiles/cmTryCompileExec2574832298.dir/CMakeCCompilerABI.c.o] ==> ignore
    arg [-lgcc] ==> lib [gcc]
    arg [--as-needed] ==> ignore
    arg [-lgcc_s] ==> lib [gcc_s]
    arg [--no-as-needed] ==> ignore
    arg [-lc] ==> lib [c]
    arg [-lgcc] ==> lib [gcc]
    arg [--as-needed] ==> ignore
    arg [-lgcc_s] ==> lib [gcc_s]
    arg [--no-as-needed] ==> ignore
    arg [/home/kinetik/anaconda3/bin/../lib/gcc/x86_64-unknown-linux-gnu/4.8.5/crtend.o] ==> ignore
    arg [/home/kinetik/anaconda3/bin/../lib/gcc/x86_64-unknown-linux-gnu/4.8.5/../../../../lib/crtn.o] ==> ignore
  remove lib [gcc]
  remove lib [gcc_s]
  remove lib [gcc]
  remove lib [gcc_s]
  collapse library dir [/home/kinetik/anaconda3/bin/../lib/gcc/x86_64-unknown-linux-gnu/4.8.5] ==> [/home/kinetik/anaconda3/lib/gcc/x86_64-unknown-linux-gnu/4.8.5]
  collapse library dir [/home/kinetik/anaconda3/bin/../lib/gcc] ==> [/home/kinetik/anaconda3/lib/gcc]
  collapse library dir [/home/kinetik/anaconda3/bin/../lib/gcc/x86_64-unknown-linux-gnu/4.8.5/../../../../lib] ==> [/home/kinetik/anaconda3/lib]
  collapse library dir [/lib/../lib] ==> [/lib]
  collapse library dir [/usr/lib/../lib] ==> [/usr/lib]
  collapse library dir [/home/kinetik/anaconda3/bin/../lib/gcc/x86_64-unknown-linux-gnu/4.8.5/../../..] ==> [/home/kinetik/anaconda3/lib]
  implicit libs: [c]
  implicit dirs: [/home/kinetik/anaconda3/lib/gcc/x86_64-unknown-linux-gnu/4.8.5;/home/kinetik/anaconda3/lib/gcc;/home/kinetik/anaconda3/lib;/lib;/usr/lib]
  implicit fwks: []


Determining if the CXX compiler works passed with the following output:
Change Dir: /home/kinetik/Downloads/fastText/CMakeFiles/CMakeTmp

Run Build Command:/usr/bin/make "cmTryCompileExec91441363/fast"
/usr/bin/make -f CMakeFiles/cmTryCompileExec91441363.dir/build.make CMakeFiles/cmTryCompileExec91441363.dir/build
make[1]: Entering directory `/home/kinetik/Downloads/fastText/CMakeFiles/CMakeTmp'
/usr/bin/cmake -E cmake_progress_report /home/kinetik/Downloads/fastText/CMakeFiles/CMakeTmp/CMakeFiles 1
Building CXX object CMakeFiles/cmTryCompileExec91441363.dir/testCXXCompiler.cxx.o
/home/kinetik/anaconda3/bin/c++     -o CMakeFiles/cmTryCompileExec91441363.dir/testCXXCompiler.cxx.o -c /home/kinetik/Downloads/fastText/CMakeFiles/CMakeTmp/testCXXCompiler.cxx
Linking CXX executable cmTryCompileExec91441363
/usr/bin/cmake -E cmake_link_script CMakeFiles/cmTryCompileExec91441363.dir/link.txt --verbose=1
/home/kinetik/anaconda3/bin/c++          CMakeFiles/cmTryCompileExec91441363.dir/testCXXCompiler.cxx.o  -o cmTryCompileExec91441363 -rdynamic 
make[1]: Leaving directory `/home/kinetik/Downloads/fastText/CMakeFiles/CMakeTmp'


Detecting CXX compiler ABI info compiled with the following output:
Change Dir: /home/kinetik/Downloads/fastText/CMakeFiles/CMakeTmp

Run Build Command:/usr/bin/make "cmTryCompileExec3518139907/fast"
/usr/bin/make -f CMakeFiles/cmTryCompileExec3518139907.dir/build.make CMakeFiles/cmTryCompileExec3518139907.dir/build
make[1]: Entering directory `/home/kinetik/Downloads/fastText/CMakeFiles/CMakeTmp'
/usr/bin/cmake -E cmake_progress_report /home/kinetik/Downloads/fastText/CMakeFiles/CMakeTmp/CMakeFiles 1
Building CXX object CMakeFiles/cmTryCompileExec3518139907.dir/CMakeCXXCompilerABI.cpp.o
/home/kinetik/anaconda3/bin/c++     -o CMakeFiles/cmTryCompileExec3518139907.dir/CMakeCXXCompilerABI.cpp.o -c /usr/share/cmake/Modules/CMakeCXXCompilerABI.cpp
Linking CXX executable cmTryCompileExec3518139907
/usr/bin/cmake -E cmake_link_script CMakeFiles/cmTryCompileExec3518139907.dir/link.txt --verbose=1
/home/kinetik/anaconda3/bin/c++        -v CMakeFiles/cmTryCompileExec3518139907.dir/CMakeCXXCompilerABI.cpp.o  -o cmTryCompileExec3518139907 -rdynamic  
Reading specs from /home/kinetik/anaconda3/bin/../lib/gcc/x86_64-unknown-linux-gnu/4.8.5/specs
COLLECT_GCC=/home/kinetik/anaconda3/bin/c++
COLLECT_LTO_WRAPPER=/home/kinetik/anaconda3/bin/../libexec/gcc/x86_64-unknown-linux-gnu/4.8.5/lto-wrapper
Target: x86_64-unknown-linux-gnu
Configured with: ./configure --prefix=/home/ray/mc-x64-2.7/conda-bld/gcc_1479223211463/_b_env_placehold_placehold_placehold_placehold_placehold_placehold_placehold_placehold_placehold_placehold_placehold_placehold_placehold_placehold_placehold_placehold_placehold_placehold_placehold_placehold --with-gxx-include-dir=/home/ray/mc-x64-2.7/conda-bld/gcc_1479223211463/_b_env_placehold_placehold_placehold_placehold_placehold_placehold_placehold_placehold_placehold_placehold_placehold_placehold_placehold_placehold_placehold_placehold_placehold_placehold_placehold_placehold/gcc/include/c++ --bindir=/home/ray/mc-x64-2.7/conda-bld/gcc_1479223211463/_b_env_placehold_placehold_placehold_placehold_placehold_placehold_placehold_placehold_placehold_placehold_placehold_placehold_placehold_placehold_placehold_placehold_placehold_placehold_placehold_placehold/bin --datarootdir=/home/ray/mc-x64-2.7/conda-bld/gcc_1479223211463/_b_env_placehold_placehold_placehold_placehold_placehold_placehold_placehold_placehold_placehold_placehold_placehold_placehold_placehold_placehold_placehold_placehold_placehold_placehold_placehold_placehold/share --libdir=/home/ray/mc-x64-2.7/conda-bld/gcc_1479223211463/_b_env_placehold_placehold_placehold_placehold_placehold_placehold_placehold_placehold_placehold_placehold_placehold_placehold_placehold_placehold_placehold_placehold_placehold_placehold_placehold_placehold/lib --with-gmp=/home/ray/mc-x64-2.7/conda-bld/gcc_1479223211463/_b_env_placehold_placehold_placehold_placehold_placehold_placehold_placehold_placehold_placehold_placehold_placehold_placehold_placehold_placehold_placehold_placehold_placehold_placehold_placehold_placehold --with-mpfr=/home/ray/mc-x64-2.7/conda-bld/gcc_1479223211463/_b_env_placehold_placehold_placehold_placehold_placehold_placehold_placehold_placehold_placehold_placehold_placehold_placehold_placehold_placehold_placehold_placehold_placehold_placehold_placehold_placehold --with-mpc=/home/ray/mc-x64-2.7/conda-bld/gcc_1479223211463/_b_env_placehold_placehold_placehold_placehold_placehold_placehold_placehold_placehold_placehold_placehold_placehold_placehold_placehold_placehold_placehold_placehold_placehold_placehold_placehold_placehold --with-isl=/home/ray/mc-x64-2.7/conda-bld/gcc_1479223211463/_b_env_placehold_placehold_placehold_placehold_placehold_placehold_placehold_placehold_placehold_placehold_placehold_placehold_placehold_placehold_placehold_placehold_placehold_placehold_placehold_placehold --with-cloog=/home/ray/mc-x64-2.7/conda-bld/gcc_1479223211463/_b_env_placehold_placehold_placehold_placehold_placehold_placehold_placehold_placehold_placehold_placehold_placehold_placehold_placehold_placehold_placehold_placehold_placehold_placehold_placehold_placehold --enable-checking=release --with-tune=generic --disable-multilib
Thread model: posix
gcc version 4.8.5 (GCC) 
COMPILER_PATH=/home/kinetik/anaconda3/bin/../libexec/gcc/x86_64-unknown-linux-gnu/4.8.5/:/home/kinetik/anaconda3/bin/../libexec/gcc/
LIBRARY_PATH=/home/kinetik/anaconda3/bin/../lib/gcc/x86_64-unknown-linux-gnu/4.8.5/:/home/kinetik/anaconda3/bin/../lib/gcc/:/home/kinetik/anaconda3/bin/../lib/gcc/x86_64-unknown-linux-gnu/4.8.5/../../../../lib/:/lib/../lib/:/usr/lib/../lib/:/home/kinetik/anaconda3/bin/../lib/gcc/x86_64-unknown-linux-gnu/4.8.5/../../../:/lib/:/usr/lib/
COLLECT_GCC_OPTIONS='-v' '-o' 'cmTryCompileExec3518139907' '-rdynamic' '-shared-libgcc' '-mtune=generic' '-march=x86-64'
 /home/kinetik/anaconda3/bin/../libexec/gcc/x86_64-unknown-linux-gnu/4.8.5/collect2 --eh-frame-hdr -m elf_x86_64 -export-dynamic -dynamic-linker /lib64/ld-linux-x86-64.so.2 -o cmTryCompileExec3518139907 /home/kinetik/anaconda3/bin/../lib/gcc/x86_64-unknown-linux-gnu/4.8.5/../../../../lib/crt1.o /home/kinetik/anaconda3/bin/../lib/gcc/x86_64-unknown-linux-gnu/4.8.5/../../../../lib/crti.o /home/kinetik/anaconda3/bin/../lib/gcc/x86_64-unknown-linux-gnu/4.8.5/crtbegin.o -L/home/kinetik/anaconda3/bin/../lib/gcc/x86_64-unknown-linux-gnu/4.8.5 -L/home/kinetik/anaconda3/bin/../lib/gcc -L/home/kinetik/anaconda3/bin/../lib/gcc/x86_64-unknown-linux-gnu/4.8.5/../../../../lib -L/lib/../lib -L/usr/lib/../lib -L/home/kinetik/anaconda3/bin/../lib/gcc/x86_64-unknown-linux-gnu/4.8.5/../../.. CMakeFiles/cmTryCompileExec3518139907.dir/CMakeCXXCompilerABI.cpp.o -lstdc++ -lm -lgcc_s -lgcc -lc -lgcc_s -lgcc /home/kinetik/anaconda3/bin/../lib/gcc/x86_64-unknown-linux-gnu/4.8.5/crtend.o /home/kinetik/anaconda3/bin/../lib/gcc/x86_64-unknown-linux-gnu/4.8.5/../../../../lib/crtn.o
make[1]: Leaving directory `/home/kinetik/Downloads/fastText/CMakeFiles/CMakeTmp'


Parsed CXX implicit link information from above output:
  link line regex: [^( *|.*[/\])(ld|ld|collect2)[^/\]*( |$)]
  ignore line: [Change Dir: /home/kinetik/Downloads/fastText/CMakeFiles/CMakeTmp]
  ignore line: []
  ignore line: [Run Build Command:/usr/bin/make "cmTryCompileExec3518139907/fast"]
  ignore line: [/usr/bin/make -f CMakeFiles/cmTryCompileExec3518139907.dir/build.make CMakeFiles/cmTryCompileExec3518139907.dir/build]
  ignore line: [make[1]: Entering directory `/home/kinetik/Downloads/fastText/CMakeFiles/CMakeTmp']
  ignore line: [/usr/bin/cmake -E cmake_progress_report /home/kinetik/Downloads/fastText/CMakeFiles/CMakeTmp/CMakeFiles 1]
  ignore line: [Building CXX object CMakeFiles/cmTryCompileExec3518139907.dir/CMakeCXXCompilerABI.cpp.o]
  ignore line: [/home/kinetik/anaconda3/bin/c++     -o CMakeFiles/cmTryCompileExec3518139907.dir/CMakeCXXCompilerABI.cpp.o -c /usr/share/cmake/Modules/CMakeCXXCompilerABI.cpp]
  ignore line: [Linking CXX executable cmTryCompileExec3518139907]
  ignore line: [/usr/bin/cmake -E cmake_link_script CMakeFiles/cmTryCompileExec3518139907.dir/link.txt --verbose=1]
  ignore line: [/home/kinetik/anaconda3/bin/c++        -v CMakeFiles/cmTryCompileExec3518139907.dir/CMakeCXXCompilerABI.cpp.o  -o cmTryCompileExec3518139907 -rdynamic  ]
  ignore line: [Reading specs from /home/kinetik/anaconda3/bin/../lib/gcc/x86_64-unknown-linux-gnu/4.8.5/specs]
  ignore line: [COLLECT_GCC=/home/kinetik/anaconda3/bin/c++]
  ignore line: [COLLECT_LTO_WRAPPER=/home/kinetik/anaconda3/bin/../libexec/gcc/x86_64-unknown-linux-gnu/4.8.5/lto-wrapper]
  ignore line: [Target: x86_64-unknown-linux-gnu]
  ignore line: [Configured with: ./configure --prefix=/home/ray/mc-x64-2.7/conda-bld/gcc_1479223211463/_b_env_placehold_placehold_placehold_placehold_placehold_placehold_placehold_placehold_placehold_placehold_placehold_placehold_placehold_placehold_placehold_placehold_placehold_placehold_placehold_placehold --with-gxx-include-dir=/home/ray/mc-x64-2.7/conda-bld/gcc_1479223211463/_b_env_placehold_placehold_placehold_placehold_placehold_placehold_placehold_placehold_placehold_placehold_placehold_placehold_placehold_placehold_placehold_placehold_placehold_placehold_placehold_placehold/gcc/include/c++ --bindir=/home/ray/mc-x64-2.7/conda-bld/gcc_1479223211463/_b_env_placehold_placehold_placehold_placehold_placehold_placehold_placehold_placehold_placehold_placehold_placehold_placehold_placehold_placehold_placehold_placehold_placehold_placehold_placehold_placehold/bin --datarootdir=/home/ray/mc-x64-2.7/conda-bld/gcc_1479223211463/_b_env_placehold_placehold_placehold_placehold_placehold_placehold_placehold_placehold_placehold_placehold_placehold_placehold_placehold_placehold_placehold_placehold_placehold_placehold_placehold_placehold/share --libdir=/home/ray/mc-x64-2.7/conda-bld/gcc_1479223211463/_b_env_placehold_placehold_placehold_placehold_placehold_placehold_placehold_placehold_placehold_placehold_placehold_placehold_placehold_placehold_placehold_placehold_placehold_placehold_placehold_placehold/lib --with-gmp=/home/ray/mc-x64-2.7/conda-bld/gcc_1479223211463/_b_env_placehold_placehold_placehold_placehold_placehold_placehold_placehold_placehold_placehold_placehold_placehold_placehold_placehold_placehold_placehold_placehold_placehold_placehold_placehold_placehold --with-mpfr=/home/ray/mc-x64-2.7/conda-bld/gcc_1479223211463/_b_env_placehold_placehold_placehold_placehold_placehold_placehold_placehold_placehold_placehold_placehold_placehold_placehold_placehold_placehold_placehold_placehold_placehold_placehold_placehold_placehold --with-mpc=/home/ray/mc-x64-2.7/conda-bld/gcc_1479223211463/_b_env_placehold_placehold_placehold_placehold_placehold_placehold_placehold_placehold_placehold_placehold_placehold_placehold_placehold_placehold_placehold_placehold_placehold_placehold_placehold_placehold --with-isl=/home/ray/mc-x64-2.7/conda-bld/gcc_1479223211463/_b_env_placehold_placehold_placehold_placehold_placehold_placehold_placehold_placehold_placehold_placehold_placehold_placehold_placehold_placehold_placehold_placehold_placehold_placehold_placehold_placehold --with-cloog=/home/ray/mc-x64-2.7/conda-bld/gcc_1479223211463/_b_env_placehold_placehold_placehold_placehold_placehold_placehold_placehold_placehold_placehold_placehold_placehold_placehold_placehold_placehold_placehold_placehold_placehold_placehold_placehold_placehold --enable-checking=release --with-tune=generic --disable-multilib]
  ignore line: [Thread model: posix]
  ignore line: [gcc version 4.8.5 (GCC) ]
  ignore line: [COMPILER_PATH=/home/kinetik/anaconda3/bin/../libexec/gcc/x86_64-unknown-linux-gnu/4.8.5/:/home/kinetik/anaconda3/bin/../libexec/gcc/]
  ignore line: [LIBRARY_PATH=/home/kinetik/anaconda3/bin/../lib/gcc/x86_64-unknown-linux-gnu/4.8.5/:/home/kinetik/anaconda3/bin/../lib/gcc/:/home/kinetik/anaconda3/bin/../lib/gcc/x86_64-unknown-linux-gnu/4.8.5/../../../../lib/:/lib/../lib/:/usr/lib/../lib/:/home/kinetik/anaconda3/bin/../lib/gcc/x86_64-unknown-linux-gnu/4.8.5/../../../:/lib/:/usr/lib/]
  ignore line: [COLLECT_GCC_OPTIONS='-v' '-o' 'cmTryCompileExec3518139907' '-rdynamic' '-shared-libgcc' '-mtune=generic' '-march=x86-64']
  link line: [ /home/kinetik/anaconda3/bin/../libexec/gcc/x86_64-unknown-linux-gnu/4.8.5/collect2 --eh-frame-hdr -m elf_x86_64 -export-dynamic -dynamic-linker /lib64/ld-linux-x86-64.so.2 -o cmTryCompileExec3518139907 /home/kinetik/anaconda3/bin/../lib/gcc/x86_64-unknown-linux-gnu/4.8.5/../../../../lib/crt1.o /home/kinetik/anaconda3/bin/../lib/gcc/x86_64-unknown-linux-gnu/4.8.5/../../../../lib/crti.o /home/kinetik/anaconda3/bin/../lib/gcc/x86_64-unknown-linux-gnu/4.8.5/crtbegin.o -L/home/kinetik/anaconda3/bin/../lib/gcc/x86_64-unknown-linux-gnu/4.8.5 -L/home/kinetik/anaconda3/bin/../lib/gcc -L/home/kinetik/anaconda3/bin/../lib/gcc/x86_64-unknown-linux-gnu/4.8.5/../../../../lib -L/lib/../lib -L/usr/lib/../lib -L/home/kinetik/anaconda3/bin/../lib/gcc/x86_64-unknown-linux-gnu/4.8.5/../../.. CMakeFiles/cmTryCompileExec3518139907.dir/CMakeCXXCompilerABI.cpp.o -lstdc++ -lm -lgcc_s -lgcc -lc -lgcc_s -lgcc /home/kinetik/anaconda3/bin/../lib/gcc/x86_64-unknown-linux-gnu/4.8.5/crtend.o /home/kinetik/anaconda3/bin/../lib/gcc/x86_64-unknown-linux-gnu/4.8.5/../../../../lib/crtn.o]
    arg [/home/kinetik/anaconda3/bin/../libexec/gcc/x86_64-unknown-linux-gnu/4.8.5/collect2] ==> ignore
    arg [--eh-frame-hdr] ==> ignore
    arg [-m] ==> ignore
    arg [elf_x86_64] ==> ignore
    arg [-export-dynamic] ==> ignore
    arg [-dynamic-linker] ==> ignore
    arg [/lib64/ld-linux-x86-64.so.2] ==> ignore
    arg [-o] ==> ignore
    arg [cmTryCompileExec3518139907] ==> ignore
    arg [/home/kinetik/anaconda3/bin/../lib/gcc/x86_64-unknown-linux-gnu/4.8.5/../../../../lib/crt1.o] ==> ignore
    arg [/home/kinetik/anaconda3/bin/../lib/gcc/x86_64-unknown-linux-gnu/4.8.5/../../../../lib/crti.o] ==> ignore
    arg [/home/kinetik/anaconda3/bin/../lib/gcc/x86_64-unknown-linux-gnu/4.8.5/crtbegin.o] ==> ignore
    arg [-L/home/kinetik/anaconda3/bin/../lib/gcc/x86_64-unknown-linux-gnu/4.8.5] ==> dir [/home/kinetik/anaconda3/bin/../lib/gcc/x86_64-unknown-linux-gnu/4.8.5]
    arg [-L/home/kinetik/anaconda3/bin/../lib/gcc] ==> dir [/home/kinetik/anaconda3/bin/../lib/gcc]
    arg [-L/home/kinetik/anaconda3/bin/../lib/gcc/x86_64-unknown-linux-gnu/4.8.5/../../../../lib] ==> dir [/home/kinetik/anaconda3/bin/../lib/gcc/x86_64-unknown-linux-gnu/4.8.5/../../../../lib]
    arg [-L/lib/../lib] ==> dir [/lib/../lib]
    arg [-L/usr/lib/../lib] ==> dir [/usr/lib/../lib]
    arg [-L/home/kinetik/anaconda3/bin/../lib/gcc/x86_64-unknown-linux-gnu/4.8.5/../../..] ==> dir [/home/kinetik/anaconda3/bin/../lib/gcc/x86_64-unknown-linux-gnu/4.8.5/../../..]
    arg [CMakeFiles/cmTryCompileExec3518139907.dir/CMakeCXXCompilerABI.cpp.o] ==> ignore
    arg [-lstdc++] ==> lib [stdc++]
    arg [-lm] ==> lib [m]
    arg [-lgcc_s] ==> lib [gcc_s]
    arg [-lgcc] ==> lib [gcc]
    arg [-lc] ==> lib [c]
    arg [-lgcc_s] ==> lib [gcc_s]
    arg [-lgcc] ==> lib [gcc]
    arg [/home/kinetik/anaconda3/bin/../lib/gcc/x86_64-unknown-linux-gnu/4.8.5/crtend.o] ==> ignore
    arg [/home/kinetik/anaconda3/bin/../lib/gcc/x86_64-unknown-linux-gnu/4.8.5/../../../../lib/crtn.o] ==> ignore
  remove lib [gcc_s]
  remove lib [gcc]
  remove lib [gcc_s]
  remove lib [gcc]
  collapse library dir [/home/kinetik/anaconda3/bin/../lib/gcc/x86_64-unknown-linux-gnu/4.8.5] ==> [/home/kinetik/anaconda3/lib/gcc/x86_64-unknown-linux-gnu/4.8.5]
  collapse library dir [/home/kinetik/anaconda3/bin/../lib/gcc] ==> [/home/kinetik/anaconda3/lib/gcc]
  collapse library dir [/home/kinetik/anaconda3/bin/../lib/gcc/x86_64-unknown-linux-gnu/4.8.5/../../../../lib] ==> [/home/kinetik/anaconda3/lib]
  collapse library dir [/lib/../lib] ==> [/lib]
  collapse library dir [/usr/lib/../lib] ==> [/usr/lib]
  collapse library dir [/home/kinetik/anaconda3/bin/../lib/gcc/x86_64-unknown-linux-gnu/4.8.5/../../..] ==> [/home/kinetik/anaconda3/lib]
  implicit libs: [stdc++;m;c]
  implicit dirs: [/home/kinetik/anaconda3/lib/gcc/x86_64-unknown-linux-gnu/4.8.5;/home/kinetik/anaconda3/lib/gcc;/home/kinetik/anaconda3/lib;/lib;/usr/lib]
  implicit fwks: []


